[debug] [2025-06-12T09:07:12.635Z] ----------------------------------------------------------------------
[debug] [2025-06-12T09:07:12.637Z] Command:       C:\Program Files\nodejs\node.exe C:\Users\Devi Sri Prasad\AppData\Roaming\npm\node_modules\firebase-tools\lib\bin\firebase.js emulators:start
[debug] [2025-06-12T09:07:12.638Z] CLI Version:   14.5.1
[debug] [2025-06-12T09:07:12.638Z] Platform:      win32
[debug] [2025-06-12T09:07:12.638Z] Node Version:  v22.16.0
[debug] [2025-06-12T09:07:12.638Z] Time:          Thu Jun 12 2025 14:37:12 GMT+0530 (India Standard Time)
[debug] [2025-06-12T09:07:12.638Z] ----------------------------------------------------------------------
[debug] 
[debug] [2025-06-12T09:07:12.830Z] > command requires scopes: ["email","openid","https://www.googleapis.com/auth/cloudplatformprojects.readonly","https://www.googleapis.com/auth/firebase","https://www.googleapis.com/auth/cloud-platform"]
[debug] [2025-06-12T09:07:12.830Z] > authorizing via signed-in user (doladevisriprasad050505@gmail.com)
[info] i  emulators: Starting emulators: functions, hosting, extensions {"metadata":{"emulator":{"name":"hub"},"message":"Starting emulators: functions, hosting, extensions"}}
[debug] [2025-06-12T09:07:12.833Z] Checked if tokens are valid: false, expires at: 1749719336620
[debug] [2025-06-12T09:07:12.833Z] Checked if tokens are valid: false, expires at: 1749719336620
[debug] [2025-06-12T09:07:12.834Z] > refreshing access token with scopes: []
[debug] [2025-06-12T09:07:12.835Z] >>> [apiv2][query] POST https://www.googleapis.com/oauth2/v3/token [none]
[debug] [2025-06-12T09:07:12.835Z] >>> [apiv2][body] POST https://www.googleapis.com/oauth2/v3/token [omitted]
[debug] [2025-06-12T09:07:12.999Z] <<< [apiv2][status] POST https://www.googleapis.com/oauth2/v3/token 200
[debug] [2025-06-12T09:07:12.999Z] <<< [apiv2][body] POST https://www.googleapis.com/oauth2/v3/token [omitted]
[debug] [2025-06-12T09:07:13.010Z] >>> [apiv2][query] GET https://serviceusage.googleapis.com/v1/projects/challenge-b6c75/services/cloudresourcemanager.googleapis.com [none]
[debug] [2025-06-12T09:07:13.011Z] >>> [apiv2][(partial)header] GET https://serviceusage.googleapis.com/v1/projects/challenge-b6c75/services/cloudresourcemanager.googleapis.com x-goog-quota-user=projects/challenge-b6c75
[debug] [2025-06-12T09:07:14.802Z] <<< [apiv2][status] GET https://serviceusage.googleapis.com/v1/projects/challenge-b6c75/services/cloudresourcemanager.googleapis.com 200
[debug] [2025-06-12T09:07:14.802Z] <<< [apiv2][body] GET https://serviceusage.googleapis.com/v1/projects/challenge-b6c75/services/cloudresourcemanager.googleapis.com [omitted]
[debug] [2025-06-12T09:07:14.802Z] Checked if tokens are valid: true, expires at: 1749722831999
[debug] [2025-06-12T09:07:14.802Z] Checked if tokens are valid: true, expires at: 1749722831999
[debug] [2025-06-12T09:07:14.802Z] >>> [apiv2][query] GET https://cloudresourcemanager.googleapis.com/v1/projects/challenge-b6c75 [none]
[debug] [2025-06-12T09:07:16.231Z] <<< [apiv2][status] GET https://cloudresourcemanager.googleapis.com/v1/projects/challenge-b6c75 200
[debug] [2025-06-12T09:07:16.232Z] <<< [apiv2][body] GET https://cloudresourcemanager.googleapis.com/v1/projects/challenge-b6c75 {"projectNumber":"531728737259","projectId":"challenge-b6c75","lifecycleState":"ACTIVE","name":"amazon-challenge","labels":{"firebase":"enabled","firebase-core":"disabled"},"createTime":"2025-06-03T09:58:55.008953Z"}
[debug] [2025-06-12T09:07:16.241Z] [logging] Logging Emulator only supports listening on one address (127.0.0.1). Not listening on ::1
[debug] [2025-06-12T09:07:16.241Z] [hosting] Hosting Emulator only supports listening on one address (127.0.0.1). Not listening on ::1
[debug] [2025-06-12T09:07:16.241Z] assigned listening specs for emulators {"user":{"hub":[{"address":"127.0.0.1","family":"IPv4","port":4400},{"address":"::1","family":"IPv6","port":4400}],"ui":[{"address":"127.0.0.1","family":"IPv4","port":4000},{"address":"::1","family":"IPv6","port":4000}],"logging":[{"address":"127.0.0.1","family":"IPv4","port":4500}],"hosting":[{"address":"127.0.0.1","family":"IPv4","port":5000}]},"metadata":{"message":"assigned listening specs for emulators"}}
[debug] [2025-06-12T09:07:16.246Z] [hub] writing locator at C:\Users\DEVISR~1\AppData\Local\Temp\hub-challenge-b6c75.json
[debug] [2025-06-12T09:07:16.254Z] [Extensions] Started Extensions emulator, this is a noop.
[debug] [2025-06-12T09:07:16.257Z] [functions] Functions Emulator only supports listening on one address (127.0.0.1). Not listening on ::1
[debug] [2025-06-12T09:07:16.257Z] [eventarc] Eventarc Emulator only supports listening on one address (127.0.0.1). Not listening on ::1
[debug] [2025-06-12T09:07:16.258Z] [tasks] Cloud Tasks Emulator only supports listening on one address (127.0.0.1). Not listening on ::1
[debug] [2025-06-12T09:07:16.258Z] late-assigned ports for functions and eventarc emulators {"user":{"hub":[{"address":"127.0.0.1","family":"IPv4","port":4400},{"address":"::1","family":"IPv6","port":4400}],"ui":[{"address":"127.0.0.1","family":"IPv4","port":4000},{"address":"::1","family":"IPv6","port":4000}],"logging":[{"address":"127.0.0.1","family":"IPv4","port":4500}],"hosting":[{"address":"127.0.0.1","family":"IPv4","port":5000}],"functions":[{"address":"127.0.0.1","family":"IPv4","port":5001}],"eventarc":[{"address":"127.0.0.1","family":"IPv4","port":9299}],"tasks":[{"address":"127.0.0.1","family":"IPv4","port":9499}]},"metadata":{"message":"late-assigned ports for functions and eventarc emulators"}}
[warn] !  functions: The following emulators are not running, calls to these services from the Functions emulator will affect production: apphosting, auth, firestore, database, pubsub, storage, dataconnect {"metadata":{"emulator":{"name":"functions"},"message":"The following emulators are not running, calls to these services from the Functions emulator will affect production: \u001b[1mapphosting, auth, firestore, database, pubsub, storage, dataconnect\u001b[22m"}}
[debug] [2025-06-12T09:07:16.310Z] defaultcredentials: writing to file C:\Users\Devi Sri Prasad\AppData\Roaming\firebase\doladevisriprasad050505_gmail_com_application_default_credentials.json
[debug] [2025-06-12T09:07:16.311Z] Setting GAC to C:\Users\Devi Sri Prasad\AppData\Roaming\firebase\doladevisriprasad050505_gmail_com_application_default_credentials.json {"metadata":{"emulator":{"name":"functions"},"message":"Setting GAC to C:\\Users\\Devi Sri Prasad\\AppData\\Roaming\\firebase\\doladevisriprasad050505_gmail_com_application_default_credentials.json"}}
[debug] [2025-06-12T09:07:16.312Z] Checked if tokens are valid: true, expires at: 1749722831999
[debug] [2025-06-12T09:07:16.312Z] Checked if tokens are valid: true, expires at: 1749722831999
[debug] [2025-06-12T09:07:16.312Z] >>> [apiv2][query] GET https://firebase.googleapis.com/v1beta1/projects/challenge-b6c75/adminSdkConfig [none]
[debug] [2025-06-12T09:07:16.744Z] <<< [apiv2][status] GET https://firebase.googleapis.com/v1beta1/projects/challenge-b6c75/adminSdkConfig 200
[debug] [2025-06-12T09:07:16.745Z] <<< [apiv2][body] GET https://firebase.googleapis.com/v1beta1/projects/challenge-b6c75/adminSdkConfig {"projectId":"challenge-b6c75","storageBucket":"challenge-b6c75.firebasestorage.app"}
[debug] [2025-06-12T09:07:16.770Z] Checked if tokens are valid: true, expires at: 1749722831999
[debug] [2025-06-12T09:07:16.771Z] Checked if tokens are valid: true, expires at: 1749722831999
[debug] [2025-06-12T09:07:16.771Z] >>> [apiv2][query] GET https://firebasehosting.googleapis.com/v1beta1/projects/challenge-b6c75/sites 
[debug] [2025-06-12T09:07:17.803Z] <<< [apiv2][status] GET https://firebasehosting.googleapis.com/v1beta1/projects/challenge-b6c75/sites 200
[debug] [2025-06-12T09:07:17.803Z] <<< [apiv2][body] GET https://firebasehosting.googleapis.com/v1beta1/projects/challenge-b6c75/sites {"sites":[{"name":"projects/challenge-b6c75/sites/challenge-b6c75","defaultUrl":"https://challenge-b6c75.web.app","appId":"1:531728737259:web:eac327f8c202a09e16efae","type":"DEFAULT_SITE"}]}
[debug] [2025-06-12T09:07:17.803Z] Checked if tokens are valid: true, expires at: 1749722831999
[debug] [2025-06-12T09:07:17.803Z] Checked if tokens are valid: true, expires at: 1749722831999
[debug] [2025-06-12T09:07:17.803Z] >>> [apiv2][query] GET https://firebase.googleapis.com/v1beta1/projects/challenge-b6c75/webApps/1:531728737259:web:eac327f8c202a09e16efae/config [none]
[debug] [2025-06-12T09:07:18.670Z] <<< [apiv2][status] GET https://firebase.googleapis.com/v1beta1/projects/challenge-b6c75/webApps/1:531728737259:web:eac327f8c202a09e16efae/config 200
[debug] [2025-06-12T09:07:18.670Z] <<< [apiv2][body] GET https://firebase.googleapis.com/v1beta1/projects/challenge-b6c75/webApps/1:531728737259:web:eac327f8c202a09e16efae/config {"projectId":"challenge-b6c75","appId":"1:531728737259:web:eac327f8c202a09e16efae","storageBucket":"challenge-b6c75.firebasestorage.app","apiKey":"AIzaSyCPFLvlgJ_xOwBeOoXO9Tgra-ydlGU7dWw","authDomain":"challenge-b6c75.firebaseapp.com","messagingSenderId":"531728737259","measurementId":"G-HN9HBVPTL1"}
[debug] [2025-06-12T09:07:18.675Z] Checked if tokens are valid: true, expires at: 1749722831999
[debug] [2025-06-12T09:07:18.676Z] Checked if tokens are valid: true, expires at: 1749722831999
[debug] [2025-06-12T09:07:18.676Z] >>> [apiv2][query] GET https://firebase.googleapis.com/v1beta1/projects/challenge-b6c75 [none]
[debug] [2025-06-12T09:07:19.218Z] <<< [apiv2][status] GET https://firebase.googleapis.com/v1beta1/projects/challenge-b6c75 200
[debug] [2025-06-12T09:07:19.218Z] <<< [apiv2][body] GET https://firebase.googleapis.com/v1beta1/projects/challenge-b6c75 {"projectId":"challenge-b6c75","projectNumber":"531728737259","displayName":"amazon-challenge","name":"projects/challenge-b6c75","resources":{"hostingSite":"challenge-b6c75"},"state":"ACTIVE","etag":"1_2b795c71-36c8-4be7-a59d-6f26f9b62170"}
[info] i  hosting[challenge-b6c75]: Serving hosting files from: build {"metadata":{"emulator":{"name":"hosting"},"message":"Serving hosting files from: \u001b[1mbuild\u001b[22m"}}
[info] +  hosting[challenge-b6c75]: Local server: http://127.0.0.1:5000 {"metadata":{"emulator":{"name":"hosting"},"message":"Local server: \u001b[4m\u001b[1mhttp://127.0.0.1:5000\u001b[22m\u001b[24m"}}
[debug] [2025-06-12T09:07:19.236Z] [Extensions] Connecting Extensions emulator, this is a noop.
[info] i  functions: Watching "C:\Users\Devi Sri Prasad\Desktop\AMAZON FULL STACK\amazon-clone\functions" for Cloud Functions... {"metadata":{"emulator":{"name":"functions"},"message":"Watching \"C:\\Users\\Devi Sri Prasad\\Desktop\\AMAZON FULL STACK\\amazon-clone\\functions\" for Cloud Functions..."}}
[debug] [2025-06-12T09:07:19.245Z] Validating nodejs source
[debug] [2025-06-12T09:07:20.066Z] > [functions] package.json contents: {
  "name": "functions",
  "description": "Cloud Functions for Firebase",
  "scripts": {
    "lint": "eslint .",
    "serve": "firebase emulators:start --only functions",
    "shell": "firebase functions:shell",
    "start": "npm run shell",
    "deploy": "firebase deploy --only functions",
    "logs": "firebase functions:log"
  },
  "engines": {
    "node": "22"
  },
  "main": "index.js",
  "dependencies": {
    "cors": "^2.8.5",
    "express": "^5.1.0",
    "firebase-admin": "^12.6.0",
    "firebase-functions": "^6.0.1",
    "stripe": "^18.2.1"
  },
  "devDependencies": {
    "eslint": "^8.15.0",
    "eslint-config-google": "^0.14.0",
    "firebase-functions-test": "^3.1.0"
  },
  "private": true
}
[debug] [2025-06-12T09:07:20.066Z] Building nodejs source
[debug] [2025-06-12T09:07:20.067Z] Failed to find version of module node: reached end of search path C:\Users\Devi Sri Prasad\Desktop\AMAZON FULL STACK\amazon-clone\functions\node_modules
[info] +  functions: Using node@22 from host. 
[debug] [2025-06-12T09:07:20.069Z] Could not find functions.yaml. Must use http discovery
[debug] [2025-06-12T09:07:20.076Z] Found firebase-functions binary at 'C:\Users\Devi Sri Prasad\Desktop\AMAZON FULL STACK\amazon-clone\functions\node_modules\.bin\firebase-functions'
[info] Serving at port 8120

[debug] [2025-06-12T09:07:20.728Z] Got response from /__/functions.yaml {"endpoints":{"api":{"availableMemoryMb":null,"timeoutSeconds":null,"minInstances":null,"maxInstances":null,"ingressSettings":null,"concurrency":null,"serviceAccountEmail":null,"vpc":null,"platform":"gcfv2","labels":{},"httpsTrigger":{},"entryPoint":"api"},"checkReturnThreshold":{"availableMemoryMb":null,"timeoutSeconds":null,"minInstances":null,"maxInstances":null,"ingressSettings":null,"concurrency":null,"serviceAccountEmail":null,"vpc":null,"platform":"gcfv2","labels":{},"eventTrigger":{"eventType":"google.cloud.firestore.document.v1.updated","eventFilters":{"database":"(default)","namespace":"(default)"},"eventFilterPathPatterns":{"document":"returnPincodes/{pincode}"},"retry":false},"entryPoint":"checkReturnThreshold"}},"specVersion":"v1alpha1","requiredAPIs":[],"extensions":{}}
[debug] [2025-06-12T09:07:24.776Z] defaultcredentials: writing to file C:\Users\Devi Sri Prasad\AppData\Roaming\firebase\doladevisriprasad050505_gmail_com_application_default_credentials.json
[debug] [2025-06-12T09:07:24.777Z] Setting GAC to C:\Users\Devi Sri Prasad\AppData\Roaming\firebase\doladevisriprasad050505_gmail_com_application_default_credentials.json {"metadata":{"emulator":{"name":"functions"},"message":"Setting GAC to C:\\Users\\Devi Sri Prasad\\AppData\\Roaming\\firebase\\doladevisriprasad050505_gmail_com_application_default_credentials.json"}}
[info] +  functions: Loaded functions definitions from source: api, checkReturnThreshold. {"metadata":{"emulator":{"name":"functions"},"message":"Loaded functions definitions from source: api, checkReturnThreshold."}}
[info] +  functions[us-central1-api]: http function initialized (http://127.0.0.1:5001/challenge-b6c75/us-central1/api). {"metadata":{"emulator":{"name":"functions"},"message":"\u001b[1mhttp\u001b[22m function initialized (http://127.0.0.1:5001/challenge-b6c75/us-central1/api)."}}
[info] i  functions[us-central1-checkReturnThreshold]: function ignored because the firestore emulator does not exist or is not running. {"metadata":{"emulator":{"name":"functions"},"message":"function ignored because the firestore emulator does not exist or is not running."}}
[debug] [2025-06-12T09:07:24.786Z] Could not find VSCode notification endpoint: FetchError: request to http://localhost:40001/vscode/notify failed, reason: . If you are not running the Firebase Data Connect VSCode extension, this is expected and not an issue.
[info] 
â”Œâ”€â”€â”€â”€â”€â”€â”€â”€â”€â”€â”€â”€â”€â”€â”€â”€â”€â”€â”€â”€â”€â”€â”€â”€â”€â”€â”€â”€â”€â”€â”€â”€â”€â”€â”€â”€â”€â”€â”€â”€â”€â”€â”€â”€â”€â”€â”€â”€â”€â”€â”€â”€â”€â”€â”€â”€â”€â”€â”€â”€â”€â”
â”‚ âœ”  All emulators ready! It is now safe to connect your app. â”‚
â”‚ i  View Emulator UI at http://127.0.0.1:4000/               â”‚
â””â”€â”€â”€â”€â”€â”€â”€â”€â”€â”€â”€â”€â”€â”€â”€â”€â”€â”€â”€â”€â”€â”€â”€â”€â”€â”€â”€â”€â”€â”€â”€â”€â”€â”€â”€â”€â”€â”€â”€â”€â”€â”€â”€â”€â”€â”€â”€â”€â”€â”€â”€â”€â”€â”€â”€â”€â”€â”€â”€â”€â”€â”˜

â”Œâ”€â”€â”€â”€â”€â”€â”€â”€â”€â”€â”€â”€â”¬â”€â”€â”€â”€â”€â”€â”€â”€â”€â”€â”€â”€â”€â”€â”€â”€â”¬â”€â”€â”€â”€â”€â”€â”€â”€â”€â”€â”€â”€â”€â”€â”€â”€â”€â”€â”€â”€â”€â”€â”€â”€â”€â”€â”€â”€â”€â”€â”€â”€â”€â”€â”
â”‚ Emulator   â”‚ Host:Port      â”‚ View in Emulator UI              â”‚
â”œâ”€â”€â”€â”€â”€â”€â”€â”€â”€â”€â”€â”€â”¼â”€â”€â”€â”€â”€â”€â”€â”€â”€â”€â”€â”€â”€â”€â”€â”€â”¼â”€â”€â”€â”€â”€â”€â”€â”€â”€â”€â”€â”€â”€â”€â”€â”€â”€â”€â”€â”€â”€â”€â”€â”€â”€â”€â”€â”€â”€â”€â”€â”€â”€â”€â”¤
â”‚ Functions  â”‚ 127.0.0.1:5001 â”‚ http://127.0.0.1:4000/functions  â”‚
â”œâ”€â”€â”€â”€â”€â”€â”€â”€â”€â”€â”€â”€â”¼â”€â”€â”€â”€â”€â”€â”€â”€â”€â”€â”€â”€â”€â”€â”€â”€â”¼â”€â”€â”€â”€â”€â”€â”€â”€â”€â”€â”€â”€â”€â”€â”€â”€â”€â”€â”€â”€â”€â”€â”€â”€â”€â”€â”€â”€â”€â”€â”€â”€â”€â”€â”¤
â”‚ Hosting    â”‚ 127.0.0.1:5000 â”‚ n/a                              â”‚
â”œâ”€â”€â”€â”€â”€â”€â”€â”€â”€â”€â”€â”€â”¼â”€â”€â”€â”€â”€â”€â”€â”€â”€â”€â”€â”€â”€â”€â”€â”€â”¼â”€â”€â”€â”€â”€â”€â”€â”€â”€â”€â”€â”€â”€â”€â”€â”€â”€â”€â”€â”€â”€â”€â”€â”€â”€â”€â”€â”€â”€â”€â”€â”€â”€â”€â”¤
â”‚ Extensions â”‚ 127.0.0.1:5001 â”‚ http://127.0.0.1:4000/extensions â”‚
â””â”€â”€â”€â”€â”€â”€â”€â”€â”€â”€â”€â”€â”´â”€â”€â”€â”€â”€â”€â”€â”€â”€â”€â”€â”€â”€â”€â”€â”€â”´â”€â”€â”€â”€â”€â”€â”€â”€â”€â”€â”€â”€â”€â”€â”€â”€â”€â”€â”€â”€â”€â”€â”€â”€â”€â”€â”€â”€â”€â”€â”€â”€â”€â”€â”˜
  Emulator Hub host: 127.0.0.1 port: 4400
  Other reserved ports: 4500
â”Œâ”€â”€â”€â”€â”€â”€â”€â”€â”€â”€â”€â”€â”€â”€â”€â”€â”€â”€â”€â”€â”€â”€â”€â”€â”€â”¬â”€â”€â”€â”€â”€â”€â”€â”€â”€â”€â”€â”€â”€â”€â”€â”¬â”€â”€â”€â”€â”€â”€â”€â”€â”€â”€â”€â”€â”€â”€â”€â”€â”€â”€â”€â”€â”€â”
â”‚ Extension Instance Name â”‚ Extension Ref â”‚ View in Emulator UI â”‚
â””â”€â”€â”€â”€â”€â”€â”€â”€â”€â”€â”€â”€â”€â”€â”€â”€â”€â”€â”€â”€â”€â”€â”€â”€â”€â”´â”€â”€â”€â”€â”€â”€â”€â”€â”€â”€â”€â”€â”€â”€â”€â”´â”€â”€â”€â”€â”€â”€â”€â”€â”€â”€â”€â”€â”€â”€â”€â”€â”€â”€â”€â”€â”€â”˜
Issues? Report them at https://github.com/firebase/firebase-tools/issues and attach the *-debug.log files.
 
[debug] [2025-06-12T09:07:26.620Z] File C:\Users\Devi Sri Prasad\Desktop\AMAZON FULL STACK\amazon-clone\functions\index.js changed, reloading triggers {"metadata":{"emulator":{"name":"functions"},"message":"File C:\\Users\\Devi Sri Prasad\\Desktop\\AMAZON FULL STACK\\amazon-clone\\functions\\index.js changed, reloading triggers"}}
[debug] [2025-06-12T09:07:27.622Z] Validating nodejs source
[debug] [2025-06-12T09:07:28.441Z] > [functions] package.json contents: {
  "name": "functions",
  "description": "Cloud Functions for Firebase",
  "scripts": {
    "lint": "eslint .",
    "serve": "firebase emulators:start --only functions",
    "shell": "firebase functions:shell",
    "start": "npm run shell",
    "deploy": "firebase deploy --only functions",
    "logs": "firebase functions:log"
  },
  "engines": {
    "node": "22"
  },
  "main": "index.js",
  "dependencies": {
    "cors": "^2.8.5",
    "express": "^5.1.0",
    "firebase-admin": "^12.6.0",
    "firebase-functions": "^6.0.1",
    "stripe": "^18.2.1"
  },
  "devDependencies": {
    "eslint": "^8.15.0",
    "eslint-config-google": "^0.14.0",
    "firebase-functions-test": "^3.1.0"
  },
  "private": true
}
[debug] [2025-06-12T09:07:28.441Z] Building nodejs source
[debug] [2025-06-12T09:07:28.441Z] Failed to find version of module node: reached end of search path C:\Users\Devi Sri Prasad\Desktop\AMAZON FULL STACK\amazon-clone\functions\node_modules
[info] +  functions: Using node@22 from host. 
[debug] [2025-06-12T09:07:28.443Z] Could not find functions.yaml. Must use http discovery
[debug] [2025-06-12T09:07:28.447Z] Found firebase-functions binary at 'C:\Users\Devi Sri Prasad\Desktop\AMAZON FULL STACK\amazon-clone\functions\node_modules\.bin\firebase-functions'
[info] Serving at port 8857

[debug] [2025-06-12T09:07:29.212Z] Got response from /__/functions.yaml {"endpoints":{"api":{"availableMemoryMb":null,"timeoutSeconds":null,"minInstances":null,"maxInstances":null,"ingressSettings":null,"concurrency":null,"serviceAccountEmail":null,"vpc":null,"platform":"gcfv2","labels":{},"httpsTrigger":{},"entryPoint":"api"},"checkReturnThreshold":{"availableMemoryMb":null,"timeoutSeconds":null,"minInstances":null,"maxInstances":null,"ingressSettings":null,"concurrency":null,"serviceAccountEmail":null,"vpc":null,"platform":"gcfv2","labels":{},"eventTrigger":{"eventType":"google.cloud.firestore.document.v1.updated","eventFilters":{"database":"(default)","namespace":"(default)"},"eventFilterPathPatterns":{"document":"returnPincodes/{pincode}"},"retry":false},"entryPoint":"checkReturnThreshold"}},"specVersion":"v1alpha1","requiredAPIs":[],"extensions":{}}
[debug] [2025-06-12T09:07:33.242Z] defaultcredentials: writing to file C:\Users\Devi Sri Prasad\AppData\Roaming\firebase\doladevisriprasad050505_gmail_com_application_default_credentials.json
[debug] [2025-06-12T09:07:33.243Z] Setting GAC to C:\Users\Devi Sri Prasad\AppData\Roaming\firebase\doladevisriprasad050505_gmail_com_application_default_credentials.json {"metadata":{"emulator":{"name":"functions"},"message":"Setting GAC to C:\\Users\\Devi Sri Prasad\\AppData\\Roaming\\firebase\\doladevisriprasad050505_gmail_com_application_default_credentials.json"}}
[info] +  functions: Loaded functions definitions from source: api, checkReturnThreshold. {"metadata":{"emulator":{"name":"functions"},"message":"Loaded functions definitions from source: api, checkReturnThreshold."}}
[debug] [2025-06-12T09:16:44.843Z] [work-queue] {"queuedWork":["/challenge-b6c75/us-central1/api/payment/create-2025-06-12T09:16:44.842Z"],"queueLength":1,"runningWork":[],"workRunningCount":0}
[debug] [2025-06-12T09:16:44.843Z] [work-queue] {"queuedWork":[],"queueLength":0,"runningWork":["/challenge-b6c75/us-central1/api/payment/create-2025-06-12T09:16:44.842Z"],"workRunningCount":1}
[debug] [2025-06-12T09:16:44.844Z] Accepted request POST /challenge-b6c75/us-central1/api/payment/create?total=65900 --> us-central1-api
[debug] [2025-06-12T09:16:44.850Z] [functions] Runtime ready! Sending request! {"metadata":{"emulator":{"name":"functions"},"message":"[functions] Runtime ready! Sending request!"}}
[debug] [2025-06-12T09:16:44.851Z] [functions] Got req.url=/challenge-b6c75/us-central1/api/payment/create?total=65900, mapping to path=/payment/create?total=65900 {"metadata":{"emulator":{"name":"functions"},"message":"[functions] Got req.url=/challenge-b6c75/us-central1/api/payment/create?total=65900, mapping to path=/payment/create?total=65900"}}
[debug] [2025-06-12T09:16:44.875Z] [worker-pool] addWorker(us-central1-api) {"metadata":{"emulator":{"name":"functions"},"message":"[worker-pool] addWorker(us-central1-api)"}}
[debug] [2025-06-12T09:16:44.877Z] [worker-pool] Adding worker with key us-central1-api, total=1 {"metadata":{"emulator":{"name":"functions"},"message":"[worker-pool] Adding worker with key us-central1-api, total=1"}}
[debug] [2025-06-12T09:16:44.883Z] [work-queue] {"queuedWork":["/challenge-b6c75/us-central1/api/payment/create-2025-06-12T09:16:44.883Z"],"queueLength":1,"runningWork":["/challenge-b6c75/us-central1/api/payment/create-2025-06-12T09:16:44.842Z"],"workRunningCount":1}
[debug] [2025-06-12T09:16:44.883Z] [work-queue] {"queuedWork":[],"queueLength":0,"runningWork":["/challenge-b6c75/us-central1/api/payment/create-2025-06-12T09:16:44.842Z","/challenge-b6c75/us-central1/api/payment/create-2025-06-12T09:16:44.883Z"],"workRunningCount":2}
[debug] [2025-06-12T09:16:44.884Z] Accepted request POST /challenge-b6c75/us-central1/api/payment/create?total=65900 --> us-central1-api
[debug] [2025-06-12T09:16:44.887Z] [functions] Runtime ready! Sending request! {"metadata":{"emulator":{"name":"functions"},"message":"[functions] Runtime ready! Sending request!"}}
[debug] [2025-06-12T09:16:44.890Z] [functions] Got req.url=/challenge-b6c75/us-central1/api/payment/create?total=65900, mapping to path=/payment/create?total=65900 {"metadata":{"emulator":{"name":"functions"},"message":"[functions] Got req.url=/challenge-b6c75/us-central1/api/payment/create?total=65900, mapping to path=/payment/create?total=65900"}}
[debug] [2025-06-12T09:16:44.904Z] [worker-pool] addWorker(us-central1-api) {"metadata":{"emulator":{"name":"functions"},"message":"[worker-pool] addWorker(us-central1-api)"}}
[debug] [2025-06-12T09:16:44.905Z] [worker-pool] Adding worker with key us-central1-api, total=2 {"metadata":{"emulator":{"name":"functions"},"message":"[worker-pool] Adding worker with key us-central1-api, total=2"}}
[debug] [2025-06-12T09:16:47.333Z] [runtime-status] [21640] Resolved module firebase-admin {"declared":true,"installed":true,"version":"12.7.0","resolution":"C:\\Users\\Devi Sri Prasad\\Desktop\\AMAZON FULL STACK\\amazon-clone\\functions\\node_modules\\firebase-admin\\lib\\index.js"} {"metadata":{"emulator":{"name":"functions"},"function":{"name":"us-central1-api"},"extension":{},"message":"[runtime-status] [21640] Resolved module firebase-admin {\"declared\":true,\"installed\":true,\"version\":\"12.7.0\",\"resolution\":\"C:\\\\Users\\\\Devi Sri Prasad\\\\Desktop\\\\AMAZON FULL STACK\\\\amazon-clone\\\\functions\\\\node_modules\\\\firebase-admin\\\\lib\\\\index.js\"}"}}
[debug] [2025-06-12T09:16:47.335Z] [runtime-status] [21640] Resolved module firebase-functions {"declared":true,"installed":true,"version":"6.3.2","resolution":"C:\\Users\\Devi Sri Prasad\\Desktop\\AMAZON FULL STACK\\amazon-clone\\functions\\node_modules\\firebase-functions\\lib\\v2\\index.js"} {"metadata":{"emulator":{"name":"functions"},"function":{"name":"us-central1-api"},"extension":{},"message":"[runtime-status] [21640] Resolved module firebase-functions {\"declared\":true,\"installed\":true,\"version\":\"6.3.2\",\"resolution\":\"C:\\\\Users\\\\Devi Sri Prasad\\\\Desktop\\\\AMAZON FULL STACK\\\\amazon-clone\\\\functions\\\\node_modules\\\\firebase-functions\\\\lib\\\\v2\\\\index.js\"}"}}
[debug] [2025-06-12T09:16:47.335Z] [runtime-status] [21640] Outgoing network have been stubbed. [{"name":"http","status":"mocked"},{"name":"http","status":"mocked"},{"name":"https","status":"mocked"},{"name":"https","status":"mocked"},{"name":"net","status":"mocked"}] {"metadata":{"emulator":{"name":"functions"},"function":{"name":"us-central1-api"},"extension":{},"message":"[runtime-status] [21640] Outgoing network have been stubbed. [{\"name\":\"http\",\"status\":\"mocked\"},{\"name\":\"http\",\"status\":\"mocked\"},{\"name\":\"https\",\"status\":\"mocked\"},{\"name\":\"https\",\"status\":\"mocked\"},{\"name\":\"net\",\"status\":\"mocked\"}]"}}
[debug] [2025-06-12T09:16:47.336Z] [runtime-status] [19632] Resolved module firebase-admin {"declared":true,"installed":true,"version":"12.7.0","resolution":"C:\\Users\\Devi Sri Prasad\\Desktop\\AMAZON FULL STACK\\amazon-clone\\functions\\node_modules\\firebase-admin\\lib\\index.js"} {"metadata":{"emulator":{"name":"functions"},"function":{"name":"us-central1-api"},"extension":{},"message":"[runtime-status] [19632] Resolved module firebase-admin {\"declared\":true,\"installed\":true,\"version\":\"12.7.0\",\"resolution\":\"C:\\\\Users\\\\Devi Sri Prasad\\\\Desktop\\\\AMAZON FULL STACK\\\\amazon-clone\\\\functions\\\\node_modules\\\\firebase-admin\\\\lib\\\\index.js\"}"}}
[debug] [2025-06-12T09:16:47.340Z] [runtime-status] [21640] Resolved module firebase-functions {"declared":true,"installed":true,"version":"6.3.2","resolution":"C:\\Users\\Devi Sri Prasad\\Desktop\\AMAZON FULL STACK\\amazon-clone\\functions\\node_modules\\firebase-functions\\lib\\v2\\index.js"} {"metadata":{"emulator":{"name":"functions"},"function":{"name":"us-central1-api"},"extension":{},"message":"[runtime-status] [21640] Resolved module firebase-functions {\"declared\":true,\"installed\":true,\"version\":\"6.3.2\",\"resolution\":\"C:\\\\Users\\\\Devi Sri Prasad\\\\Desktop\\\\AMAZON FULL STACK\\\\amazon-clone\\\\functions\\\\node_modules\\\\firebase-functions\\\\lib\\\\v2\\\\index.js\"}"}}
[debug] [2025-06-12T09:16:47.343Z] [runtime-status] [19632] Resolved module firebase-functions {"declared":true,"installed":true,"version":"6.3.2","resolution":"C:\\Users\\Devi Sri Prasad\\Desktop\\AMAZON FULL STACK\\amazon-clone\\functions\\node_modules\\firebase-functions\\lib\\v2\\index.js"} {"metadata":{"emulator":{"name":"functions"},"function":{"name":"us-central1-api"},"extension":{},"message":"[runtime-status] [19632] Resolved module firebase-functions {\"declared\":true,\"installed\":true,\"version\":\"6.3.2\",\"resolution\":\"C:\\\\Users\\\\Devi Sri Prasad\\\\Desktop\\\\AMAZON FULL STACK\\\\amazon-clone\\\\functions\\\\node_modules\\\\firebase-functions\\\\lib\\\\v2\\\\index.js\"}"}}
[debug] [2025-06-12T09:16:47.344Z] [runtime-status] [19632] Outgoing network have been stubbed. [{"name":"http","status":"mocked"},{"name":"http","status":"mocked"},{"name":"https","status":"mocked"},{"name":"https","status":"mocked"},{"name":"net","status":"mocked"}] {"metadata":{"emulator":{"name":"functions"},"function":{"name":"us-central1-api"},"extension":{},"message":"[runtime-status] [19632] Outgoing network have been stubbed. [{\"name\":\"http\",\"status\":\"mocked\"},{\"name\":\"http\",\"status\":\"mocked\"},{\"name\":\"https\",\"status\":\"mocked\"},{\"name\":\"https\",\"status\":\"mocked\"},{\"name\":\"net\",\"status\":\"mocked\"}]"}}
[debug] [2025-06-12T09:16:47.346Z] [runtime-status] [19632] Resolved module firebase-functions {"declared":true,"installed":true,"version":"6.3.2","resolution":"C:\\Users\\Devi Sri Prasad\\Desktop\\AMAZON FULL STACK\\amazon-clone\\functions\\node_modules\\firebase-functions\\lib\\v2\\index.js"} {"metadata":{"emulator":{"name":"functions"},"function":{"name":"us-central1-api"},"extension":{},"message":"[runtime-status] [19632] Resolved module firebase-functions {\"declared\":true,\"installed\":true,\"version\":\"6.3.2\",\"resolution\":\"C:\\\\Users\\\\Devi Sri Prasad\\\\Desktop\\\\AMAZON FULL STACK\\\\amazon-clone\\\\functions\\\\node_modules\\\\firebase-functions\\\\lib\\\\v2\\\\index.js\"}"}}
[debug] [2025-06-12T09:16:47.921Z] [runtime-status] [19632] Checked functions.config() {"config":{}} {"metadata":{"emulator":{"name":"functions"},"function":{"name":"us-central1-api"},"extension":{},"message":"[runtime-status] [19632] Checked functions.config() {\"config\":{}}"}}
[debug] [2025-06-12T09:16:47.922Z] [runtime-status] [21640] Checked functions.config() {"config":{}} {"metadata":{"emulator":{"name":"functions"},"function":{"name":"us-central1-api"},"extension":{},"message":"[runtime-status] [21640] Checked functions.config() {\"config\":{}}"}}
[debug] [2025-06-12T09:16:47.922Z] [runtime-status] [19632] firebase-functions has been stubbed. {"functionsResolution":{"declared":true,"installed":true,"version":"6.3.2","resolution":"C:\\Users\\Devi Sri Prasad\\Desktop\\AMAZON FULL STACK\\amazon-clone\\functions\\node_modules\\firebase-functions\\lib\\v2\\index.js"}} {"metadata":{"emulator":{"name":"functions"},"function":{"name":"us-central1-api"},"extension":{},"message":"[runtime-status] [19632] firebase-functions has been stubbed. {\"functionsResolution\":{\"declared\":true,\"installed\":true,\"version\":\"6.3.2\",\"resolution\":\"C:\\\\Users\\\\Devi Sri Prasad\\\\Desktop\\\\AMAZON FULL STACK\\\\amazon-clone\\\\functions\\\\node_modules\\\\firebase-functions\\\\lib\\\\v2\\\\index.js\"}}"}}
[debug] [2025-06-12T09:16:47.922Z] [runtime-status] [21640] firebase-functions has been stubbed. {"functionsResolution":{"declared":true,"installed":true,"version":"6.3.2","resolution":"C:\\Users\\Devi Sri Prasad\\Desktop\\AMAZON FULL STACK\\amazon-clone\\functions\\node_modules\\firebase-functions\\lib\\v2\\index.js"}} {"metadata":{"emulator":{"name":"functions"},"function":{"name":"us-central1-api"},"extension":{},"message":"[runtime-status] [21640] firebase-functions has been stubbed. {\"functionsResolution\":{\"declared\":true,\"installed\":true,\"version\":\"6.3.2\",\"resolution\":\"C:\\\\Users\\\\Devi Sri Prasad\\\\Desktop\\\\AMAZON FULL STACK\\\\amazon-clone\\\\functions\\\\node_modules\\\\firebase-functions\\\\lib\\\\v2\\\\index.js\"}}"}}
[debug] [2025-06-12T09:16:47.923Z] [runtime-status] [19632] Resolved module firebase-functions {"declared":true,"installed":true,"version":"6.3.2","resolution":"C:\\Users\\Devi Sri Prasad\\Desktop\\AMAZON FULL STACK\\amazon-clone\\functions\\node_modules\\firebase-functions\\lib\\v2\\index.js"} {"metadata":{"emulator":{"name":"functions"},"function":{"name":"us-central1-api"},"extension":{},"message":"[runtime-status] [19632] Resolved module firebase-functions {\"declared\":true,\"installed\":true,\"version\":\"6.3.2\",\"resolution\":\"C:\\\\Users\\\\Devi Sri Prasad\\\\Desktop\\\\AMAZON FULL STACK\\\\amazon-clone\\\\functions\\\\node_modules\\\\firebase-functions\\\\lib\\\\v2\\\\index.js\"}"}}
[debug] [2025-06-12T09:16:47.923Z] [runtime-status] [21640] Resolved module firebase-functions {"declared":true,"installed":true,"version":"6.3.2","resolution":"C:\\Users\\Devi Sri Prasad\\Desktop\\AMAZON FULL STACK\\amazon-clone\\functions\\node_modules\\firebase-functions\\lib\\v2\\index.js"} {"metadata":{"emulator":{"name":"functions"},"function":{"name":"us-central1-api"},"extension":{},"message":"[runtime-status] [21640] Resolved module firebase-functions {\"declared\":true,\"installed\":true,\"version\":\"6.3.2\",\"resolution\":\"C:\\\\Users\\\\Devi Sri Prasad\\\\Desktop\\\\AMAZON FULL STACK\\\\amazon-clone\\\\functions\\\\node_modules\\\\firebase-functions\\\\lib\\\\v2\\\\index.js\"}"}}
[debug] [2025-06-12T09:16:47.931Z] [runtime-status] [19632] Resolved module firebase-admin {"declared":true,"installed":true,"version":"12.7.0","resolution":"C:\\Users\\Devi Sri Prasad\\Desktop\\AMAZON FULL STACK\\amazon-clone\\functions\\node_modules\\firebase-admin\\lib\\index.js"} {"metadata":{"emulator":{"name":"functions"},"function":{"name":"us-central1-api"},"extension":{},"message":"[runtime-status] [19632] Resolved module firebase-admin {\"declared\":true,\"installed\":true,\"version\":\"12.7.0\",\"resolution\":\"C:\\\\Users\\\\Devi Sri Prasad\\\\Desktop\\\\AMAZON FULL STACK\\\\amazon-clone\\\\functions\\\\node_modules\\\\firebase-admin\\\\lib\\\\index.js\"}"}}
[debug] [2025-06-12T09:16:47.934Z] [runtime-status] [21640] Resolved module firebase-admin {"declared":true,"installed":true,"version":"12.7.0","resolution":"C:\\Users\\Devi Sri Prasad\\Desktop\\AMAZON FULL STACK\\amazon-clone\\functions\\node_modules\\firebase-admin\\lib\\index.js"} {"metadata":{"emulator":{"name":"functions"},"function":{"name":"us-central1-api"},"extension":{},"message":"[runtime-status] [21640] Resolved module firebase-admin {\"declared\":true,\"installed\":true,\"version\":\"12.7.0\",\"resolution\":\"C:\\\\Users\\\\Devi Sri Prasad\\\\Desktop\\\\AMAZON FULL STACK\\\\amazon-clone\\\\functions\\\\node_modules\\\\firebase-admin\\\\lib\\\\index.js\"}"}}
[debug] [2025-06-12T09:16:47.935Z] [runtime-status] [19632] Resolved module firebase-functions {"declared":true,"installed":true,"version":"6.3.2","resolution":"C:\\Users\\Devi Sri Prasad\\Desktop\\AMAZON FULL STACK\\amazon-clone\\functions\\node_modules\\firebase-functions\\lib\\v2\\index.js"} {"metadata":{"emulator":{"name":"functions"},"function":{"name":"us-central1-api"},"extension":{},"message":"[runtime-status] [19632] Resolved module firebase-functions {\"declared\":true,\"installed\":true,\"version\":\"6.3.2\",\"resolution\":\"C:\\\\Users\\\\Devi Sri Prasad\\\\Desktop\\\\AMAZON FULL STACK\\\\amazon-clone\\\\functions\\\\node_modules\\\\firebase-functions\\\\lib\\\\v2\\\\index.js\"}"}}
[debug] [2025-06-12T09:16:47.935Z] [runtime-status] [19632] firebase-admin has been stubbed. {"adminResolution":{"declared":true,"installed":true,"version":"12.7.0","resolution":"C:\\Users\\Devi Sri Prasad\\Desktop\\AMAZON FULL STACK\\amazon-clone\\functions\\node_modules\\firebase-admin\\lib\\index.js"}} {"metadata":{"emulator":{"name":"functions"},"function":{"name":"us-central1-api"},"extension":{},"message":"[runtime-status] [19632] firebase-admin has been stubbed. {\"adminResolution\":{\"declared\":true,\"installed\":true,\"version\":\"12.7.0\",\"resolution\":\"C:\\\\Users\\\\Devi Sri Prasad\\\\Desktop\\\\AMAZON FULL STACK\\\\amazon-clone\\\\functions\\\\node_modules\\\\firebase-admin\\\\lib\\\\index.js\"}}"}}
[debug] [2025-06-12T09:16:47.939Z] [runtime-status] [21640] Resolved module firebase-functions {"declared":true,"installed":true,"version":"6.3.2","resolution":"C:\\Users\\Devi Sri Prasad\\Desktop\\AMAZON FULL STACK\\amazon-clone\\functions\\node_modules\\firebase-functions\\lib\\v2\\index.js"} {"metadata":{"emulator":{"name":"functions"},"function":{"name":"us-central1-api"},"extension":{},"message":"[runtime-status] [21640] Resolved module firebase-functions {\"declared\":true,\"installed\":true,\"version\":\"6.3.2\",\"resolution\":\"C:\\\\Users\\\\Devi Sri Prasad\\\\Desktop\\\\AMAZON FULL STACK\\\\amazon-clone\\\\functions\\\\node_modules\\\\firebase-functions\\\\lib\\\\v2\\\\index.js\"}"}}
[debug] [2025-06-12T09:16:47.939Z] [runtime-status] [21640] firebase-admin has been stubbed. {"adminResolution":{"declared":true,"installed":true,"version":"12.7.0","resolution":"C:\\Users\\Devi Sri Prasad\\Desktop\\AMAZON FULL STACK\\amazon-clone\\functions\\node_modules\\firebase-admin\\lib\\index.js"}} {"metadata":{"emulator":{"name":"functions"},"function":{"name":"us-central1-api"},"extension":{},"message":"[runtime-status] [21640] firebase-admin has been stubbed. {\"adminResolution\":{\"declared\":true,\"installed\":true,\"version\":\"12.7.0\",\"resolution\":\"C:\\\\Users\\\\Devi Sri Prasad\\\\Desktop\\\\AMAZON FULL STACK\\\\amazon-clone\\\\functions\\\\node_modules\\\\firebase-admin\\\\lib\\\\index.js\"}}"}}
[debug] [2025-06-12T09:16:48.226Z] [runtime-status] [19632] initializeApp(DEFAULT) {"storageBucket":"challenge-b6c75.firebasestorage.app","projectId":"challenge-b6c75"} {"metadata":{"emulator":{"name":"functions"},"function":{"name":"us-central1-api"},"extension":{},"message":"[runtime-status] [19632] initializeApp(DEFAULT) {\"storageBucket\":\"challenge-b6c75.firebasestorage.app\",\"projectId\":\"challenge-b6c75\"}"}}
[debug] [2025-06-12T09:16:48.227Z] [runtime-status] [21640] initializeApp(DEFAULT) {"storageBucket":"challenge-b6c75.firebasestorage.app","projectId":"challenge-b6c75"} {"metadata":{"emulator":{"name":"functions"},"function":{"name":"us-central1-api"},"extension":{},"message":"[runtime-status] [21640] initializeApp(DEFAULT) {\"storageBucket\":\"challenge-b6c75.firebasestorage.app\",\"projectId\":\"challenge-b6c75\"}"}}
[debug] [2025-06-12T09:16:48.238Z] [runtime-status] [21640] Functions runtime initialized. {"cwd":"C:\\Users\\Devi Sri Prasad\\Desktop\\AMAZON FULL STACK\\amazon-clone\\functions","node_version":"22.16.0"} {"metadata":{"emulator":{"name":"functions"},"function":{"name":"us-central1-api"},"extension":{},"message":"[runtime-status] [21640] Functions runtime initialized. {\"cwd\":\"C:\\\\Users\\\\Devi Sri Prasad\\\\Desktop\\\\AMAZON FULL STACK\\\\amazon-clone\\\\functions\",\"node_version\":\"22.16.0\"}"}}
[debug] [2025-06-12T09:16:48.238Z] [runtime-status] [21640] Listening to port: \\?\pipe\fire_emu_5ac0cf3b78bcac44 {"metadata":{"emulator":{"name":"functions"},"function":{"name":"us-central1-api"},"extension":{},"message":"[runtime-status] [21640] Listening to port: \\\\?\\pipe\\fire_emu_5ac0cf3b78bcac44"}}
[debug] [2025-06-12T09:16:48.243Z] [runtime-status] [19632] Functions runtime initialized. {"cwd":"C:\\Users\\Devi Sri Prasad\\Desktop\\AMAZON FULL STACK\\amazon-clone\\functions","node_version":"22.16.0"} {"metadata":{"emulator":{"name":"functions"},"function":{"name":"us-central1-api"},"extension":{},"message":"[runtime-status] [19632] Functions runtime initialized. {\"cwd\":\"C:\\\\Users\\\\Devi Sri Prasad\\\\Desktop\\\\AMAZON FULL STACK\\\\amazon-clone\\\\functions\",\"node_version\":\"22.16.0\"}"}}
[debug] [2025-06-12T09:16:48.243Z] [runtime-status] [19632] Listening to port: \\?\pipe\fire_emu_2e33b62c63a36676 {"metadata":{"emulator":{"name":"functions"},"function":{"name":"us-central1-api"},"extension":{},"message":"[runtime-status] [19632] Listening to port: \\\\?\\pipe\\fire_emu_2e33b62c63a36676"}}
[debug] [2025-06-12T09:16:48.284Z] [worker-us-central1-api-24278889-cd79-4e72-aa26-a9ed54e19cf0]: IDLE {"metadata":{"emulator":{"name":"functions"},"function":{"name":"us-central1-api"},"extension":{},"message":"[worker-us-central1-api-24278889-cd79-4e72-aa26-a9ed54e19cf0]: IDLE"}}
[debug] [2025-06-12T09:16:48.284Z] [worker-pool] submitRequest(triggerId=us-central1-api) {"metadata":{"emulator":{"name":"functions"},"message":"[worker-pool] submitRequest(triggerId=us-central1-api)"}}
[info] i  functions: Beginning execution of "us-central1-api" {"metadata":{"emulator":{"name":"functions"},"function":{"name":"us-central1-api"},"extension":{},"message":"Beginning execution of \"us-central1-api\""}}
[debug] [2025-06-12T09:16:48.286Z] [worker-us-central1-api-24278889-cd79-4e72-aa26-a9ed54e19cf0]: BUSY {"metadata":{"emulator":{"name":"functions"},"function":{"name":"us-central1-api"},"extension":{},"message":"[worker-us-central1-api-24278889-cd79-4e72-aa26-a9ed54e19cf0]: BUSY"}}
[info] >  ðŸ’° Payment Request Received >> Amount (paise): 65900 {"user":"ðŸ’° Payment Request Received >> Amount (paise): 65900","metadata":{"emulator":{"name":"functions"},"function":{"name":"us-central1-api"},"extension":{},"message":"\u001b[90m> \u001b[39m ðŸ’° Payment Request Received >> Amount (paise): 65900"}}
[debug] [2025-06-12T09:16:48.303Z] [worker-us-central1-api-8758d33c-7037-424e-8e5c-2ca9bd29c1ab]: IDLE {"metadata":{"emulator":{"name":"functions"},"function":{"name":"us-central1-api"},"extension":{},"message":"[worker-us-central1-api-8758d33c-7037-424e-8e5c-2ca9bd29c1ab]: IDLE"}}
[debug] [2025-06-12T09:16:48.303Z] [worker-pool] submitRequest(triggerId=us-central1-api) {"metadata":{"emulator":{"name":"functions"},"message":"[worker-pool] submitRequest(triggerId=us-central1-api)"}}
[info] i  functions: Beginning execution of "us-central1-api" {"metadata":{"emulator":{"name":"functions"},"function":{"name":"us-central1-api"},"extension":{},"message":"Beginning execution of \"us-central1-api\""}}
[debug] [2025-06-12T09:16:48.305Z] [worker-us-central1-api-8758d33c-7037-424e-8e5c-2ca9bd29c1ab]: BUSY {"metadata":{"emulator":{"name":"functions"},"function":{"name":"us-central1-api"},"extension":{},"message":"[worker-us-central1-api-8758d33c-7037-424e-8e5c-2ca9bd29c1ab]: BUSY"}}
[info] >  ðŸ’° Payment Request Received >> Amount (paise): 65900 {"user":"ðŸ’° Payment Request Received >> Amount (paise): 65900","metadata":{"emulator":{"name":"functions"},"function":{"name":"us-central1-api"},"extension":{},"message":"\u001b[90m> \u001b[39m ðŸ’° Payment Request Received >> Amount (paise): 65900"}}
[debug] [2025-06-12T09:16:49.028Z] Finishing up request with event=pause {"metadata":{"emulator":{"name":"functions"},"function":{"name":"us-central1-api"},"extension":{},"message":"Finishing up request with event=pause"}}
[info] i  functions: Finished "us-central1-api" in 724.1742ms {"metadata":{"emulator":{"name":"functions"},"function":{"name":"us-central1-api"},"extension":{},"message":"Finished \"us-central1-api\" in 724.1742ms"}}
[debug] [2025-06-12T09:16:49.030Z] [worker-us-central1-api-8758d33c-7037-424e-8e5c-2ca9bd29c1ab]: IDLE {"metadata":{"emulator":{"name":"functions"},"function":{"name":"us-central1-api"},"extension":{},"message":"[worker-us-central1-api-8758d33c-7037-424e-8e5c-2ca9bd29c1ab]: IDLE"}}
[debug] [2025-06-12T09:16:49.030Z] Finishing up request with event=finish {"metadata":{"emulator":{"name":"functions"},"function":{"name":"us-central1-api"},"extension":{},"message":"Finishing up request with event=finish"}}
[debug] [2025-06-12T09:16:49.031Z] Finishing up request with event=close {"metadata":{"emulator":{"name":"functions"},"function":{"name":"us-central1-api"},"extension":{},"message":"Finishing up request with event=close"}}
[debug] [2025-06-12T09:16:49.031Z] [work-queue] {"queuedWork":[],"queueLength":0,"runningWork":["/challenge-b6c75/us-central1/api/payment/create-2025-06-12T09:16:44.842Z"],"workRunningCount":1}
[debug] [2025-06-12T09:16:49.044Z] Finishing up request with event=pause {"metadata":{"emulator":{"name":"functions"},"function":{"name":"us-central1-api"},"extension":{},"message":"Finishing up request with event=pause"}}
[info] i  functions: Finished "us-central1-api" in 758.7159ms {"metadata":{"emulator":{"name":"functions"},"function":{"name":"us-central1-api"},"extension":{},"message":"Finished \"us-central1-api\" in 758.7159ms"}}
[debug] [2025-06-12T09:16:49.046Z] [worker-us-central1-api-24278889-cd79-4e72-aa26-a9ed54e19cf0]: IDLE {"metadata":{"emulator":{"name":"functions"},"function":{"name":"us-central1-api"},"extension":{},"message":"[worker-us-central1-api-24278889-cd79-4e72-aa26-a9ed54e19cf0]: IDLE"}}
[debug] [2025-06-12T09:16:49.046Z] Finishing up request with event=finish {"metadata":{"emulator":{"name":"functions"},"function":{"name":"us-central1-api"},"extension":{},"message":"Finishing up request with event=finish"}}
[debug] [2025-06-12T09:16:49.047Z] Finishing up request with event=close {"metadata":{"emulator":{"name":"functions"},"function":{"name":"us-central1-api"},"extension":{},"message":"Finishing up request with event=close"}}
[debug] [2025-06-12T09:16:49.047Z] [work-queue] {"queuedWork":[],"queueLength":0,"runningWork":[],"workRunningCount":0}
[debug] [2025-06-12T09:18:05.976Z] [work-queue] {"queuedWork":["/challenge-b6c75/us-central1/api/payment/create-2025-06-12T09:18:05.976Z"],"queueLength":1,"runningWork":[],"workRunningCount":0}
[debug] [2025-06-12T09:18:05.976Z] [work-queue] {"queuedWork":[],"queueLength":0,"runningWork":["/challenge-b6c75/us-central1/api/payment/create-2025-06-12T09:18:05.976Z"],"workRunningCount":1}
[debug] [2025-06-12T09:18:05.976Z] Accepted request POST /challenge-b6c75/us-central1/api/payment/create?total=65900 --> us-central1-api
[debug] [2025-06-12T09:18:05.979Z] [functions] Runtime ready! Sending request! {"metadata":{"emulator":{"name":"functions"},"message":"[functions] Runtime ready! Sending request!"}}
[debug] [2025-06-12T09:18:05.980Z] [functions] Got req.url=/challenge-b6c75/us-central1/api/payment/create?total=65900, mapping to path=/payment/create?total=65900 {"metadata":{"emulator":{"name":"functions"},"message":"[functions] Got req.url=/challenge-b6c75/us-central1/api/payment/create?total=65900, mapping to path=/payment/create?total=65900"}}
[debug] [2025-06-12T09:18:05.981Z] [worker-pool] submitRequest(triggerId=us-central1-api) {"metadata":{"emulator":{"name":"functions"},"message":"[worker-pool] submitRequest(triggerId=us-central1-api)"}}
[info] i  functions: Beginning execution of "us-central1-api" {"metadata":{"emulator":{"name":"functions"},"function":{"name":"us-central1-api"},"extension":{},"message":"Beginning execution of \"us-central1-api\""}}
[debug] [2025-06-12T09:18:05.983Z] [worker-us-central1-api-24278889-cd79-4e72-aa26-a9ed54e19cf0]: BUSY {"metadata":{"emulator":{"name":"functions"},"function":{"name":"us-central1-api"},"extension":{},"message":"[worker-us-central1-api-24278889-cd79-4e72-aa26-a9ed54e19cf0]: BUSY"}}
[debug] [2025-06-12T09:18:05.988Z] [work-queue] {"queuedWork":["/challenge-b6c75/us-central1/api/payment/create-2025-06-12T09:18:05.987Z"],"queueLength":1,"runningWork":["/challenge-b6c75/us-central1/api/payment/create-2025-06-12T09:18:05.976Z"],"workRunningCount":1}
[debug] [2025-06-12T09:18:05.989Z] [work-queue] {"queuedWork":[],"queueLength":0,"runningWork":["/challenge-b6c75/us-central1/api/payment/create-2025-06-12T09:18:05.976Z","/challenge-b6c75/us-central1/api/payment/create-2025-06-12T09:18:05.987Z"],"workRunningCount":2}
[debug] [2025-06-12T09:18:05.989Z] Accepted request POST /challenge-b6c75/us-central1/api/payment/create?total=65900 --> us-central1-api
[debug] [2025-06-12T09:18:05.994Z] [functions] Runtime ready! Sending request! {"metadata":{"emulator":{"name":"functions"},"message":"[functions] Runtime ready! Sending request!"}}
[debug] [2025-06-12T09:18:05.994Z] [functions] Got req.url=/challenge-b6c75/us-central1/api/payment/create?total=65900, mapping to path=/payment/create?total=65900 {"metadata":{"emulator":{"name":"functions"},"message":"[functions] Got req.url=/challenge-b6c75/us-central1/api/payment/create?total=65900, mapping to path=/payment/create?total=65900"}}
[debug] [2025-06-12T09:18:05.995Z] [worker-pool] submitRequest(triggerId=us-central1-api) {"metadata":{"emulator":{"name":"functions"},"message":"[worker-pool] submitRequest(triggerId=us-central1-api)"}}
[info] i  functions: Beginning execution of "us-central1-api" {"metadata":{"emulator":{"name":"functions"},"function":{"name":"us-central1-api"},"extension":{},"message":"Beginning execution of \"us-central1-api\""}}
[debug] [2025-06-12T09:18:05.995Z] [worker-us-central1-api-8758d33c-7037-424e-8e5c-2ca9bd29c1ab]: BUSY {"metadata":{"emulator":{"name":"functions"},"function":{"name":"us-central1-api"},"extension":{},"message":"[worker-us-central1-api-8758d33c-7037-424e-8e5c-2ca9bd29c1ab]: BUSY"}}
[info] >  ðŸ’° Payment Request Received >> Amount (paise): 65900 {"user":"ðŸ’° Payment Request Received >> Amount (paise): 65900","metadata":{"emulator":{"name":"functions"},"function":{"name":"us-central1-api"},"extension":{},"message":"\u001b[90m> \u001b[39m ðŸ’° Payment Request Received >> Amount (paise): 65900"}}
[info] >  ðŸ’° Payment Request Received >> Amount (paise): 65900 {"user":"ðŸ’° Payment Request Received >> Amount (paise): 65900","metadata":{"emulator":{"name":"functions"},"function":{"name":"us-central1-api"},"extension":{},"message":"\u001b[90m> \u001b[39m ðŸ’° Payment Request Received >> Amount (paise): 65900"}}
[debug] [2025-06-12T09:18:06.571Z] Finishing up request with event=pause {"metadata":{"emulator":{"name":"functions"},"function":{"name":"us-central1-api"},"extension":{},"message":"Finishing up request with event=pause"}}
[info] i  functions: Finished "us-central1-api" in 575.7726ms {"metadata":{"emulator":{"name":"functions"},"function":{"name":"us-central1-api"},"extension":{},"message":"Finished \"us-central1-api\" in 575.7726ms"}}
[debug] [2025-06-12T09:18:06.572Z] [worker-us-central1-api-8758d33c-7037-424e-8e5c-2ca9bd29c1ab]: IDLE {"metadata":{"emulator":{"name":"functions"},"function":{"name":"us-central1-api"},"extension":{},"message":"[worker-us-central1-api-8758d33c-7037-424e-8e5c-2ca9bd29c1ab]: IDLE"}}
[debug] [2025-06-12T09:18:06.573Z] Finishing up request with event=finish {"metadata":{"emulator":{"name":"functions"},"function":{"name":"us-central1-api"},"extension":{},"message":"Finishing up request with event=finish"}}
[debug] [2025-06-12T09:18:06.573Z] Finishing up request with event=close {"metadata":{"emulator":{"name":"functions"},"function":{"name":"us-central1-api"},"extension":{},"message":"Finishing up request with event=close"}}
[debug] [2025-06-12T09:18:06.573Z] [work-queue] {"queuedWork":[],"queueLength":0,"runningWork":["/challenge-b6c75/us-central1/api/payment/create-2025-06-12T09:18:05.976Z"],"workRunningCount":1}
[debug] [2025-06-12T09:18:06.579Z] Finishing up request with event=pause {"metadata":{"emulator":{"name":"functions"},"function":{"name":"us-central1-api"},"extension":{},"message":"Finishing up request with event=pause"}}
[info] i  functions: Finished "us-central1-api" in 596.4644ms {"metadata":{"emulator":{"name":"functions"},"function":{"name":"us-central1-api"},"extension":{},"message":"Finished \"us-central1-api\" in 596.4644ms"}}
[debug] [2025-06-12T09:18:06.580Z] [worker-us-central1-api-24278889-cd79-4e72-aa26-a9ed54e19cf0]: IDLE {"metadata":{"emulator":{"name":"functions"},"function":{"name":"us-central1-api"},"extension":{},"message":"[worker-us-central1-api-24278889-cd79-4e72-aa26-a9ed54e19cf0]: IDLE"}}
[debug] [2025-06-12T09:18:06.580Z] Finishing up request with event=finish {"metadata":{"emulator":{"name":"functions"},"function":{"name":"us-central1-api"},"extension":{},"message":"Finishing up request with event=finish"}}
[debug] [2025-06-12T09:18:06.581Z] Finishing up request with event=close {"metadata":{"emulator":{"name":"functions"},"function":{"name":"us-central1-api"},"extension":{},"message":"Finishing up request with event=close"}}
[debug] [2025-06-12T09:18:06.581Z] [work-queue] {"queuedWork":[],"queueLength":0,"runningWork":[],"workRunningCount":0}
[debug] [2025-06-12T09:19:38.395Z] [work-queue] {"queuedWork":["/challenge-b6c75/us-central1/api/payment/create-2025-06-12T09:19:38.395Z"],"queueLength":1,"runningWork":[],"workRunningCount":0}
[debug] [2025-06-12T09:19:38.395Z] [work-queue] {"queuedWork":[],"queueLength":0,"runningWork":["/challenge-b6c75/us-central1/api/payment/create-2025-06-12T09:19:38.395Z"],"workRunningCount":1}
[debug] [2025-06-12T09:19:38.396Z] Accepted request POST /challenge-b6c75/us-central1/api/payment/create?total=45300 --> us-central1-api
[debug] [2025-06-12T09:19:38.400Z] [functions] Runtime ready! Sending request! {"metadata":{"emulator":{"name":"functions"},"message":"[functions] Runtime ready! Sending request!"}}
[debug] [2025-06-12T09:19:38.400Z] [functions] Got req.url=/challenge-b6c75/us-central1/api/payment/create?total=45300, mapping to path=/payment/create?total=45300 {"metadata":{"emulator":{"name":"functions"},"message":"[functions] Got req.url=/challenge-b6c75/us-central1/api/payment/create?total=45300, mapping to path=/payment/create?total=45300"}}
[debug] [2025-06-12T09:19:38.401Z] [worker-pool] submitRequest(triggerId=us-central1-api) {"metadata":{"emulator":{"name":"functions"},"message":"[worker-pool] submitRequest(triggerId=us-central1-api)"}}
[info] i  functions: Beginning execution of "us-central1-api" {"metadata":{"emulator":{"name":"functions"},"function":{"name":"us-central1-api"},"extension":{},"message":"Beginning execution of \"us-central1-api\""}}
[debug] [2025-06-12T09:19:38.402Z] [worker-us-central1-api-24278889-cd79-4e72-aa26-a9ed54e19cf0]: BUSY {"metadata":{"emulator":{"name":"functions"},"function":{"name":"us-central1-api"},"extension":{},"message":"[worker-us-central1-api-24278889-cd79-4e72-aa26-a9ed54e19cf0]: BUSY"}}
[debug] [2025-06-12T09:19:38.409Z] [work-queue] {"queuedWork":["/challenge-b6c75/us-central1/api/payment/create-2025-06-12T09:19:38.409Z"],"queueLength":1,"runningWork":["/challenge-b6c75/us-central1/api/payment/create-2025-06-12T09:19:38.395Z"],"workRunningCount":1}
[debug] [2025-06-12T09:19:38.409Z] [work-queue] {"queuedWork":[],"queueLength":0,"runningWork":["/challenge-b6c75/us-central1/api/payment/create-2025-06-12T09:19:38.395Z","/challenge-b6c75/us-central1/api/payment/create-2025-06-12T09:19:38.409Z"],"workRunningCount":2}
[debug] [2025-06-12T09:19:38.410Z] Accepted request POST /challenge-b6c75/us-central1/api/payment/create?total=45300 --> us-central1-api
[debug] [2025-06-12T09:19:38.414Z] [functions] Runtime ready! Sending request! {"metadata":{"emulator":{"name":"functions"},"message":"[functions] Runtime ready! Sending request!"}}
[debug] [2025-06-12T09:19:38.415Z] [functions] Got req.url=/challenge-b6c75/us-central1/api/payment/create?total=45300, mapping to path=/payment/create?total=45300 {"metadata":{"emulator":{"name":"functions"},"message":"[functions] Got req.url=/challenge-b6c75/us-central1/api/payment/create?total=45300, mapping to path=/payment/create?total=45300"}}
[debug] [2025-06-12T09:19:38.415Z] [worker-pool] submitRequest(triggerId=us-central1-api) {"metadata":{"emulator":{"name":"functions"},"message":"[worker-pool] submitRequest(triggerId=us-central1-api)"}}
[info] i  functions: Beginning execution of "us-central1-api" {"metadata":{"emulator":{"name":"functions"},"function":{"name":"us-central1-api"},"extension":{},"message":"Beginning execution of \"us-central1-api\""}}
[debug] [2025-06-12T09:19:38.416Z] [worker-us-central1-api-8758d33c-7037-424e-8e5c-2ca9bd29c1ab]: BUSY {"metadata":{"emulator":{"name":"functions"},"function":{"name":"us-central1-api"},"extension":{},"message":"[worker-us-central1-api-8758d33c-7037-424e-8e5c-2ca9bd29c1ab]: BUSY"}}
[info] >  ðŸ’° Payment Request Received >> Amount (paise): 45300 {"user":"ðŸ’° Payment Request Received >> Amount (paise): 45300","metadata":{"emulator":{"name":"functions"},"function":{"name":"us-central1-api"},"extension":{},"message":"\u001b[90m> \u001b[39m ðŸ’° Payment Request Received >> Amount (paise): 45300"}}
[info] >  ðŸ’° Payment Request Received >> Amount (paise): 45300 {"user":"ðŸ’° Payment Request Received >> Amount (paise): 45300","metadata":{"emulator":{"name":"functions"},"function":{"name":"us-central1-api"},"extension":{},"message":"\u001b[90m> \u001b[39m ðŸ’° Payment Request Received >> Amount (paise): 45300"}}
[debug] [2025-06-12T09:19:38.965Z] Finishing up request with event=pause {"metadata":{"emulator":{"name":"functions"},"function":{"name":"us-central1-api"},"extension":{},"message":"Finishing up request with event=pause"}}
[info] i  functions: Finished "us-central1-api" in 548.9126ms {"metadata":{"emulator":{"name":"functions"},"function":{"name":"us-central1-api"},"extension":{},"message":"Finished \"us-central1-api\" in 548.9126ms"}}
[debug] [2025-06-12T09:19:38.966Z] [worker-us-central1-api-8758d33c-7037-424e-8e5c-2ca9bd29c1ab]: IDLE {"metadata":{"emulator":{"name":"functions"},"function":{"name":"us-central1-api"},"extension":{},"message":"[worker-us-central1-api-8758d33c-7037-424e-8e5c-2ca9bd29c1ab]: IDLE"}}
[debug] [2025-06-12T09:19:38.966Z] Finishing up request with event=finish {"metadata":{"emulator":{"name":"functions"},"function":{"name":"us-central1-api"},"extension":{},"message":"Finishing up request with event=finish"}}
[debug] [2025-06-12T09:19:38.966Z] Finishing up request with event=close {"metadata":{"emulator":{"name":"functions"},"function":{"name":"us-central1-api"},"extension":{},"message":"Finishing up request with event=close"}}
[debug] [2025-06-12T09:19:38.966Z] [work-queue] {"queuedWork":[],"queueLength":0,"runningWork":["/challenge-b6c75/us-central1/api/payment/create-2025-06-12T09:19:38.395Z"],"workRunningCount":1}
[debug] [2025-06-12T09:19:38.984Z] Finishing up request with event=pause {"metadata":{"emulator":{"name":"functions"},"function":{"name":"us-central1-api"},"extension":{},"message":"Finishing up request with event=pause"}}
[info] i  functions: Finished "us-central1-api" in 583.1321ms {"metadata":{"emulator":{"name":"functions"},"function":{"name":"us-central1-api"},"extension":{},"message":"Finished \"us-central1-api\" in 583.1321ms"}}
[debug] [2025-06-12T09:19:38.986Z] [worker-us-central1-api-24278889-cd79-4e72-aa26-a9ed54e19cf0]: IDLE {"metadata":{"emulator":{"name":"functions"},"function":{"name":"us-central1-api"},"extension":{},"message":"[worker-us-central1-api-24278889-cd79-4e72-aa26-a9ed54e19cf0]: IDLE"}}
[debug] [2025-06-12T09:19:38.986Z] Finishing up request with event=finish {"metadata":{"emulator":{"name":"functions"},"function":{"name":"us-central1-api"},"extension":{},"message":"Finishing up request with event=finish"}}
[debug] [2025-06-12T09:19:38.986Z] Finishing up request with event=close {"metadata":{"emulator":{"name":"functions"},"function":{"name":"us-central1-api"},"extension":{},"message":"Finishing up request with event=close"}}
[debug] [2025-06-12T09:19:38.986Z] [work-queue] {"queuedWork":[],"queueLength":0,"runningWork":[],"workRunningCount":0}
[debug] [2025-06-12T10:01:11.265Z] [work-queue] {"queuedWork":["/challenge-b6c75/us-central1/api/payment/create-2025-06-12T10:01:11.265Z"],"queueLength":1,"runningWork":[],"workRunningCount":0}
[debug] [2025-06-12T10:01:11.266Z] [work-queue] {"queuedWork":[],"queueLength":0,"runningWork":["/challenge-b6c75/us-central1/api/payment/create-2025-06-12T10:01:11.265Z"],"workRunningCount":1}
[debug] [2025-06-12T10:01:11.266Z] Accepted request POST /challenge-b6c75/us-central1/api/payment/create?total=100000 --> us-central1-api
[debug] [2025-06-12T10:01:11.269Z] [functions] Runtime ready! Sending request! {"metadata":{"emulator":{"name":"functions"},"message":"[functions] Runtime ready! Sending request!"}}
[debug] [2025-06-12T10:01:11.269Z] [functions] Got req.url=/challenge-b6c75/us-central1/api/payment/create?total=100000, mapping to path=/payment/create?total=100000 {"metadata":{"emulator":{"name":"functions"},"message":"[functions] Got req.url=/challenge-b6c75/us-central1/api/payment/create?total=100000, mapping to path=/payment/create?total=100000"}}
[debug] [2025-06-12T10:01:11.269Z] [worker-pool] submitRequest(triggerId=us-central1-api) {"metadata":{"emulator":{"name":"functions"},"message":"[worker-pool] submitRequest(triggerId=us-central1-api)"}}
[info] i  functions: Beginning execution of "us-central1-api" {"metadata":{"emulator":{"name":"functions"},"function":{"name":"us-central1-api"},"extension":{},"message":"Beginning execution of \"us-central1-api\""}}
[debug] [2025-06-12T10:01:11.271Z] [worker-us-central1-api-24278889-cd79-4e72-aa26-a9ed54e19cf0]: BUSY {"metadata":{"emulator":{"name":"functions"},"function":{"name":"us-central1-api"},"extension":{},"message":"[worker-us-central1-api-24278889-cd79-4e72-aa26-a9ed54e19cf0]: BUSY"}}
[debug] [2025-06-12T10:01:11.274Z] [work-queue] {"queuedWork":["/challenge-b6c75/us-central1/api/payment/create-2025-06-12T10:01:11.274Z"],"queueLength":1,"runningWork":["/challenge-b6c75/us-central1/api/payment/create-2025-06-12T10:01:11.265Z"],"workRunningCount":1}
[debug] [2025-06-12T10:01:11.275Z] [work-queue] {"queuedWork":[],"queueLength":0,"runningWork":["/challenge-b6c75/us-central1/api/payment/create-2025-06-12T10:01:11.265Z","/challenge-b6c75/us-central1/api/payment/create-2025-06-12T10:01:11.274Z"],"workRunningCount":2}
[debug] [2025-06-12T10:01:11.275Z] Accepted request POST /challenge-b6c75/us-central1/api/payment/create?total=100000 --> us-central1-api
[debug] [2025-06-12T10:01:11.280Z] [functions] Runtime ready! Sending request! {"metadata":{"emulator":{"name":"functions"},"message":"[functions] Runtime ready! Sending request!"}}
[debug] [2025-06-12T10:01:11.280Z] [functions] Got req.url=/challenge-b6c75/us-central1/api/payment/create?total=100000, mapping to path=/payment/create?total=100000 {"metadata":{"emulator":{"name":"functions"},"message":"[functions] Got req.url=/challenge-b6c75/us-central1/api/payment/create?total=100000, mapping to path=/payment/create?total=100000"}}
[debug] [2025-06-12T10:01:11.281Z] [worker-pool] submitRequest(triggerId=us-central1-api) {"metadata":{"emulator":{"name":"functions"},"message":"[worker-pool] submitRequest(triggerId=us-central1-api)"}}
[info] i  functions: Beginning execution of "us-central1-api" {"metadata":{"emulator":{"name":"functions"},"function":{"name":"us-central1-api"},"extension":{},"message":"Beginning execution of \"us-central1-api\""}}
[debug] [2025-06-12T10:01:11.281Z] [worker-us-central1-api-8758d33c-7037-424e-8e5c-2ca9bd29c1ab]: BUSY {"metadata":{"emulator":{"name":"functions"},"function":{"name":"us-central1-api"},"extension":{},"message":"[worker-us-central1-api-8758d33c-7037-424e-8e5c-2ca9bd29c1ab]: BUSY"}}
[info] >  ðŸ’° Payment Request Received >> Amount (paise): 100000 {"user":"ðŸ’° Payment Request Received >> Amount (paise): 100000","metadata":{"emulator":{"name":"functions"},"function":{"name":"us-central1-api"},"extension":{},"message":"\u001b[90m> \u001b[39m ðŸ’° Payment Request Received >> Amount (paise): 100000"}}
[info] >  ðŸ’° Payment Request Received >> Amount (paise): 100000 {"user":"ðŸ’° Payment Request Received >> Amount (paise): 100000","metadata":{"emulator":{"name":"functions"},"function":{"name":"us-central1-api"},"extension":{},"message":"\u001b[90m> \u001b[39m ðŸ’° Payment Request Received >> Amount (paise): 100000"}}
[debug] [2025-06-12T10:01:11.864Z] Finishing up request with event=pause {"metadata":{"emulator":{"name":"functions"},"function":{"name":"us-central1-api"},"extension":{},"message":"Finishing up request with event=pause"}}
[info] i  functions: Finished "us-central1-api" in 593.0051ms {"metadata":{"emulator":{"name":"functions"},"function":{"name":"us-central1-api"},"extension":{},"message":"Finished \"us-central1-api\" in 593.0051ms"}}
[debug] [2025-06-12T10:01:11.864Z] [worker-us-central1-api-24278889-cd79-4e72-aa26-a9ed54e19cf0]: IDLE {"metadata":{"emulator":{"name":"functions"},"function":{"name":"us-central1-api"},"extension":{},"message":"[worker-us-central1-api-24278889-cd79-4e72-aa26-a9ed54e19cf0]: IDLE"}}
[debug] [2025-06-12T10:01:11.865Z] Finishing up request with event=finish {"metadata":{"emulator":{"name":"functions"},"function":{"name":"us-central1-api"},"extension":{},"message":"Finishing up request with event=finish"}}
[debug] [2025-06-12T10:01:11.865Z] Finishing up request with event=close {"metadata":{"emulator":{"name":"functions"},"function":{"name":"us-central1-api"},"extension":{},"message":"Finishing up request with event=close"}}
[debug] [2025-06-12T10:01:11.865Z] [work-queue] {"queuedWork":[],"queueLength":0,"runningWork":["/challenge-b6c75/us-central1/api/payment/create-2025-06-12T10:01:11.274Z"],"workRunningCount":1}
[debug] [2025-06-12T10:01:11.868Z] Finishing up request with event=pause {"metadata":{"emulator":{"name":"functions"},"function":{"name":"us-central1-api"},"extension":{},"message":"Finishing up request with event=pause"}}
[info] i  functions: Finished "us-central1-api" in 586.3321ms {"metadata":{"emulator":{"name":"functions"},"function":{"name":"us-central1-api"},"extension":{},"message":"Finished \"us-central1-api\" in 586.3321ms"}}
[debug] [2025-06-12T10:01:11.868Z] [worker-us-central1-api-8758d33c-7037-424e-8e5c-2ca9bd29c1ab]: IDLE {"metadata":{"emulator":{"name":"functions"},"function":{"name":"us-central1-api"},"extension":{},"message":"[worker-us-central1-api-8758d33c-7037-424e-8e5c-2ca9bd29c1ab]: IDLE"}}
[debug] [2025-06-12T10:01:11.868Z] Finishing up request with event=finish {"metadata":{"emulator":{"name":"functions"},"function":{"name":"us-central1-api"},"extension":{},"message":"Finishing up request with event=finish"}}
[debug] [2025-06-12T10:01:11.869Z] Finishing up request with event=close {"metadata":{"emulator":{"name":"functions"},"function":{"name":"us-central1-api"},"extension":{},"message":"Finishing up request with event=close"}}
[debug] [2025-06-12T10:01:11.869Z] [work-queue] {"queuedWork":[],"queueLength":0,"runningWork":[],"workRunningCount":0}
[debug] [2025-06-12T10:05:32.579Z] [work-queue] {"queuedWork":["/challenge-b6c75/us-central1/api/payment/create-2025-06-12T10:05:32.579Z"],"queueLength":1,"runningWork":[],"workRunningCount":0}
[debug] [2025-06-12T10:05:32.580Z] [work-queue] {"queuedWork":[],"queueLength":0,"runningWork":["/challenge-b6c75/us-central1/api/payment/create-2025-06-12T10:05:32.579Z"],"workRunningCount":1}
[debug] [2025-06-12T10:05:32.580Z] Accepted request POST /challenge-b6c75/us-central1/api/payment/create?total=100000 --> us-central1-api
[debug] [2025-06-12T10:05:32.584Z] [functions] Runtime ready! Sending request! {"metadata":{"emulator":{"name":"functions"},"message":"[functions] Runtime ready! Sending request!"}}
[debug] [2025-06-12T10:05:32.585Z] [functions] Got req.url=/challenge-b6c75/us-central1/api/payment/create?total=100000, mapping to path=/payment/create?total=100000 {"metadata":{"emulator":{"name":"functions"},"message":"[functions] Got req.url=/challenge-b6c75/us-central1/api/payment/create?total=100000, mapping to path=/payment/create?total=100000"}}
[debug] [2025-06-12T10:05:32.585Z] [worker-pool] submitRequest(triggerId=us-central1-api) {"metadata":{"emulator":{"name":"functions"},"message":"[worker-pool] submitRequest(triggerId=us-central1-api)"}}
[info] i  functions: Beginning execution of "us-central1-api" {"metadata":{"emulator":{"name":"functions"},"function":{"name":"us-central1-api"},"extension":{},"message":"Beginning execution of \"us-central1-api\""}}
[debug] [2025-06-12T10:05:32.586Z] [worker-us-central1-api-24278889-cd79-4e72-aa26-a9ed54e19cf0]: BUSY {"metadata":{"emulator":{"name":"functions"},"function":{"name":"us-central1-api"},"extension":{},"message":"[worker-us-central1-api-24278889-cd79-4e72-aa26-a9ed54e19cf0]: BUSY"}}
[debug] [2025-06-12T10:05:32.589Z] [work-queue] {"queuedWork":["/challenge-b6c75/us-central1/api/payment/create-2025-06-12T10:05:32.588Z"],"queueLength":1,"runningWork":["/challenge-b6c75/us-central1/api/payment/create-2025-06-12T10:05:32.579Z"],"workRunningCount":1}
[debug] [2025-06-12T10:05:32.589Z] [work-queue] {"queuedWork":[],"queueLength":0,"runningWork":["/challenge-b6c75/us-central1/api/payment/create-2025-06-12T10:05:32.579Z","/challenge-b6c75/us-central1/api/payment/create-2025-06-12T10:05:32.588Z"],"workRunningCount":2}
[debug] [2025-06-12T10:05:32.589Z] Accepted request POST /challenge-b6c75/us-central1/api/payment/create?total=100000 --> us-central1-api
[debug] [2025-06-12T10:05:32.593Z] [functions] Runtime ready! Sending request! {"metadata":{"emulator":{"name":"functions"},"message":"[functions] Runtime ready! Sending request!"}}
[debug] [2025-06-12T10:05:32.593Z] [functions] Got req.url=/challenge-b6c75/us-central1/api/payment/create?total=100000, mapping to path=/payment/create?total=100000 {"metadata":{"emulator":{"name":"functions"},"message":"[functions] Got req.url=/challenge-b6c75/us-central1/api/payment/create?total=100000, mapping to path=/payment/create?total=100000"}}
[debug] [2025-06-12T10:05:32.593Z] [worker-pool] submitRequest(triggerId=us-central1-api) {"metadata":{"emulator":{"name":"functions"},"message":"[worker-pool] submitRequest(triggerId=us-central1-api)"}}
[info] i  functions: Beginning execution of "us-central1-api" {"metadata":{"emulator":{"name":"functions"},"function":{"name":"us-central1-api"},"extension":{},"message":"Beginning execution of \"us-central1-api\""}}
[debug] [2025-06-12T10:05:32.595Z] [worker-us-central1-api-8758d33c-7037-424e-8e5c-2ca9bd29c1ab]: BUSY {"metadata":{"emulator":{"name":"functions"},"function":{"name":"us-central1-api"},"extension":{},"message":"[worker-us-central1-api-8758d33c-7037-424e-8e5c-2ca9bd29c1ab]: BUSY"}}
[info] >  ðŸ’° Payment Request Received >> Amount (paise): 100000 {"user":"ðŸ’° Payment Request Received >> Amount (paise): 100000","metadata":{"emulator":{"name":"functions"},"function":{"name":"us-central1-api"},"extension":{},"message":"\u001b[90m> \u001b[39m ðŸ’° Payment Request Received >> Amount (paise): 100000"}}
[info] >  ðŸ’° Payment Request Received >> Amount (paise): 100000 {"user":"ðŸ’° Payment Request Received >> Amount (paise): 100000","metadata":{"emulator":{"name":"functions"},"function":{"name":"us-central1-api"},"extension":{},"message":"\u001b[90m> \u001b[39m ðŸ’° Payment Request Received >> Amount (paise): 100000"}}
[debug] [2025-06-12T10:05:33.133Z] Finishing up request with event=pause {"metadata":{"emulator":{"name":"functions"},"function":{"name":"us-central1-api"},"extension":{},"message":"Finishing up request with event=pause"}}
[info] i  functions: Finished "us-central1-api" in 538.4851ms {"metadata":{"emulator":{"name":"functions"},"function":{"name":"us-central1-api"},"extension":{},"message":"Finished \"us-central1-api\" in 538.4851ms"}}
[debug] [2025-06-12T10:05:33.134Z] [worker-us-central1-api-8758d33c-7037-424e-8e5c-2ca9bd29c1ab]: IDLE {"metadata":{"emulator":{"name":"functions"},"function":{"name":"us-central1-api"},"extension":{},"message":"[worker-us-central1-api-8758d33c-7037-424e-8e5c-2ca9bd29c1ab]: IDLE"}}
[debug] [2025-06-12T10:05:33.134Z] Finishing up request with event=finish {"metadata":{"emulator":{"name":"functions"},"function":{"name":"us-central1-api"},"extension":{},"message":"Finishing up request with event=finish"}}
[debug] [2025-06-12T10:05:33.135Z] Finishing up request with event=close {"metadata":{"emulator":{"name":"functions"},"function":{"name":"us-central1-api"},"extension":{},"message":"Finishing up request with event=close"}}
[debug] [2025-06-12T10:05:33.135Z] [work-queue] {"queuedWork":[],"queueLength":0,"runningWork":["/challenge-b6c75/us-central1/api/payment/create-2025-06-12T10:05:32.579Z"],"workRunningCount":1}
[debug] [2025-06-12T10:05:33.168Z] Finishing up request with event=pause {"metadata":{"emulator":{"name":"functions"},"function":{"name":"us-central1-api"},"extension":{},"message":"Finishing up request with event=pause"}}
[info] i  functions: Finished "us-central1-api" in 582.7526ms {"metadata":{"emulator":{"name":"functions"},"function":{"name":"us-central1-api"},"extension":{},"message":"Finished \"us-central1-api\" in 582.7526ms"}}
[debug] [2025-06-12T10:05:33.169Z] [worker-us-central1-api-24278889-cd79-4e72-aa26-a9ed54e19cf0]: IDLE {"metadata":{"emulator":{"name":"functions"},"function":{"name":"us-central1-api"},"extension":{},"message":"[worker-us-central1-api-24278889-cd79-4e72-aa26-a9ed54e19cf0]: IDLE"}}
[debug] [2025-06-12T10:05:33.170Z] Finishing up request with event=finish {"metadata":{"emulator":{"name":"functions"},"function":{"name":"us-central1-api"},"extension":{},"message":"Finishing up request with event=finish"}}
[debug] [2025-06-12T10:05:33.170Z] Finishing up request with event=close {"metadata":{"emulator":{"name":"functions"},"function":{"name":"us-central1-api"},"extension":{},"message":"Finishing up request with event=close"}}
[debug] [2025-06-12T10:05:33.170Z] [work-queue] {"queuedWork":[],"queueLength":0,"runningWork":[],"workRunningCount":0}
[debug] [2025-06-12T10:06:17.699Z] [work-queue] {"queuedWork":["/challenge-b6c75/us-central1/api/payment/create-2025-06-12T10:06:17.699Z"],"queueLength":1,"runningWork":[],"workRunningCount":0}
[debug] [2025-06-12T10:06:17.700Z] [work-queue] {"queuedWork":[],"queueLength":0,"runningWork":["/challenge-b6c75/us-central1/api/payment/create-2025-06-12T10:06:17.699Z"],"workRunningCount":1}
[debug] [2025-06-12T10:06:17.700Z] Accepted request POST /challenge-b6c75/us-central1/api/payment/create?total=100000 --> us-central1-api
[debug] [2025-06-12T10:06:17.703Z] [functions] Runtime ready! Sending request! {"metadata":{"emulator":{"name":"functions"},"message":"[functions] Runtime ready! Sending request!"}}
[debug] [2025-06-12T10:06:17.704Z] [functions] Got req.url=/challenge-b6c75/us-central1/api/payment/create?total=100000, mapping to path=/payment/create?total=100000 {"metadata":{"emulator":{"name":"functions"},"message":"[functions] Got req.url=/challenge-b6c75/us-central1/api/payment/create?total=100000, mapping to path=/payment/create?total=100000"}}
[debug] [2025-06-12T10:06:17.704Z] [worker-pool] submitRequest(triggerId=us-central1-api) {"metadata":{"emulator":{"name":"functions"},"message":"[worker-pool] submitRequest(triggerId=us-central1-api)"}}
[info] i  functions: Beginning execution of "us-central1-api" {"metadata":{"emulator":{"name":"functions"},"function":{"name":"us-central1-api"},"extension":{},"message":"Beginning execution of \"us-central1-api\""}}
[debug] [2025-06-12T10:06:17.705Z] [worker-us-central1-api-24278889-cd79-4e72-aa26-a9ed54e19cf0]: BUSY {"metadata":{"emulator":{"name":"functions"},"function":{"name":"us-central1-api"},"extension":{},"message":"[worker-us-central1-api-24278889-cd79-4e72-aa26-a9ed54e19cf0]: BUSY"}}
[debug] [2025-06-12T10:06:17.711Z] [work-queue] {"queuedWork":["/challenge-b6c75/us-central1/api/payment/create-2025-06-12T10:06:17.711Z"],"queueLength":1,"runningWork":["/challenge-b6c75/us-central1/api/payment/create-2025-06-12T10:06:17.699Z"],"workRunningCount":1}
[debug] [2025-06-12T10:06:17.711Z] [work-queue] {"queuedWork":[],"queueLength":0,"runningWork":["/challenge-b6c75/us-central1/api/payment/create-2025-06-12T10:06:17.699Z","/challenge-b6c75/us-central1/api/payment/create-2025-06-12T10:06:17.711Z"],"workRunningCount":2}
[debug] [2025-06-12T10:06:17.711Z] Accepted request POST /challenge-b6c75/us-central1/api/payment/create?total=100000 --> us-central1-api
[debug] [2025-06-12T10:06:17.715Z] [functions] Runtime ready! Sending request! {"metadata":{"emulator":{"name":"functions"},"message":"[functions] Runtime ready! Sending request!"}}
[debug] [2025-06-12T10:06:17.717Z] [functions] Got req.url=/challenge-b6c75/us-central1/api/payment/create?total=100000, mapping to path=/payment/create?total=100000 {"metadata":{"emulator":{"name":"functions"},"message":"[functions] Got req.url=/challenge-b6c75/us-central1/api/payment/create?total=100000, mapping to path=/payment/create?total=100000"}}
[debug] [2025-06-12T10:06:17.717Z] [worker-pool] submitRequest(triggerId=us-central1-api) {"metadata":{"emulator":{"name":"functions"},"message":"[worker-pool] submitRequest(triggerId=us-central1-api)"}}
[info] i  functions: Beginning execution of "us-central1-api" {"metadata":{"emulator":{"name":"functions"},"function":{"name":"us-central1-api"},"extension":{},"message":"Beginning execution of \"us-central1-api\""}}
[debug] [2025-06-12T10:06:17.718Z] [worker-us-central1-api-8758d33c-7037-424e-8e5c-2ca9bd29c1ab]: BUSY {"metadata":{"emulator":{"name":"functions"},"function":{"name":"us-central1-api"},"extension":{},"message":"[worker-us-central1-api-8758d33c-7037-424e-8e5c-2ca9bd29c1ab]: BUSY"}}
[info] >  ðŸ’° Payment Request Received >> Amount (paise): 100000 {"user":"ðŸ’° Payment Request Received >> Amount (paise): 100000","metadata":{"emulator":{"name":"functions"},"function":{"name":"us-central1-api"},"extension":{},"message":"\u001b[90m> \u001b[39m ðŸ’° Payment Request Received >> Amount (paise): 100000"}}
[info] >  ðŸ’° Payment Request Received >> Amount (paise): 100000 {"user":"ðŸ’° Payment Request Received >> Amount (paise): 100000","metadata":{"emulator":{"name":"functions"},"function":{"name":"us-central1-api"},"extension":{},"message":"\u001b[90m> \u001b[39m ðŸ’° Payment Request Received >> Amount (paise): 100000"}}
[debug] [2025-06-12T10:06:18.099Z] Finishing up request with event=pause {"metadata":{"emulator":{"name":"functions"},"function":{"name":"us-central1-api"},"extension":{},"message":"Finishing up request with event=pause"}}
[info] i  functions: Finished "us-central1-api" in 394.5919ms {"metadata":{"emulator":{"name":"functions"},"function":{"name":"us-central1-api"},"extension":{},"message":"Finished \"us-central1-api\" in 394.5919ms"}}
[debug] [2025-06-12T10:06:18.100Z] [worker-us-central1-api-24278889-cd79-4e72-aa26-a9ed54e19cf0]: IDLE {"metadata":{"emulator":{"name":"functions"},"function":{"name":"us-central1-api"},"extension":{},"message":"[worker-us-central1-api-24278889-cd79-4e72-aa26-a9ed54e19cf0]: IDLE"}}
[debug] [2025-06-12T10:06:18.100Z] Finishing up request with event=finish {"metadata":{"emulator":{"name":"functions"},"function":{"name":"us-central1-api"},"extension":{},"message":"Finishing up request with event=finish"}}
[debug] [2025-06-12T10:06:18.100Z] Finishing up request with event=close {"metadata":{"emulator":{"name":"functions"},"function":{"name":"us-central1-api"},"extension":{},"message":"Finishing up request with event=close"}}
[debug] [2025-06-12T10:06:18.101Z] [work-queue] {"queuedWork":[],"queueLength":0,"runningWork":["/challenge-b6c75/us-central1/api/payment/create-2025-06-12T10:06:17.711Z"],"workRunningCount":1}
[debug] [2025-06-12T10:06:18.120Z] Finishing up request with event=pause {"metadata":{"emulator":{"name":"functions"},"function":{"name":"us-central1-api"},"extension":{},"message":"Finishing up request with event=pause"}}
[info] i  functions: Finished "us-central1-api" in 402.6031ms {"metadata":{"emulator":{"name":"functions"},"function":{"name":"us-central1-api"},"extension":{},"message":"Finished \"us-central1-api\" in 402.6031ms"}}
[debug] [2025-06-12T10:06:18.122Z] [worker-us-central1-api-8758d33c-7037-424e-8e5c-2ca9bd29c1ab]: IDLE {"metadata":{"emulator":{"name":"functions"},"function":{"name":"us-central1-api"},"extension":{},"message":"[worker-us-central1-api-8758d33c-7037-424e-8e5c-2ca9bd29c1ab]: IDLE"}}
[debug] [2025-06-12T10:06:18.122Z] Finishing up request with event=finish {"metadata":{"emulator":{"name":"functions"},"function":{"name":"us-central1-api"},"extension":{},"message":"Finishing up request with event=finish"}}
[debug] [2025-06-12T10:06:18.122Z] Finishing up request with event=close {"metadata":{"emulator":{"name":"functions"},"function":{"name":"us-central1-api"},"extension":{},"message":"Finishing up request with event=close"}}
[debug] [2025-06-12T10:06:18.122Z] [work-queue] {"queuedWork":[],"queueLength":0,"runningWork":[],"workRunningCount":0}
[debug] [2025-06-12T10:09:45.757Z] [work-queue] {"queuedWork":["/challenge-b6c75/us-central1/api/payment/create-2025-06-12T10:09:45.757Z"],"queueLength":1,"runningWork":[],"workRunningCount":0}
[debug] [2025-06-12T10:09:45.758Z] [work-queue] {"queuedWork":[],"queueLength":0,"runningWork":["/challenge-b6c75/us-central1/api/payment/create-2025-06-12T10:09:45.757Z"],"workRunningCount":1}
[debug] [2025-06-12T10:09:45.758Z] Accepted request POST /challenge-b6c75/us-central1/api/payment/create?total=100000 --> us-central1-api
[debug] [2025-06-12T10:09:45.763Z] [functions] Runtime ready! Sending request! {"metadata":{"emulator":{"name":"functions"},"message":"[functions] Runtime ready! Sending request!"}}
[debug] [2025-06-12T10:09:45.764Z] [functions] Got req.url=/challenge-b6c75/us-central1/api/payment/create?total=100000, mapping to path=/payment/create?total=100000 {"metadata":{"emulator":{"name":"functions"},"message":"[functions] Got req.url=/challenge-b6c75/us-central1/api/payment/create?total=100000, mapping to path=/payment/create?total=100000"}}
[debug] [2025-06-12T10:09:45.764Z] [worker-pool] submitRequest(triggerId=us-central1-api) {"metadata":{"emulator":{"name":"functions"},"message":"[worker-pool] submitRequest(triggerId=us-central1-api)"}}
[info] i  functions: Beginning execution of "us-central1-api" {"metadata":{"emulator":{"name":"functions"},"function":{"name":"us-central1-api"},"extension":{},"message":"Beginning execution of \"us-central1-api\""}}
[debug] [2025-06-12T10:09:45.764Z] [worker-us-central1-api-24278889-cd79-4e72-aa26-a9ed54e19cf0]: BUSY {"metadata":{"emulator":{"name":"functions"},"function":{"name":"us-central1-api"},"extension":{},"message":"[worker-us-central1-api-24278889-cd79-4e72-aa26-a9ed54e19cf0]: BUSY"}}
[debug] [2025-06-12T10:09:45.767Z] [work-queue] {"queuedWork":["/challenge-b6c75/us-central1/api/payment/create-2025-06-12T10:09:45.767Z"],"queueLength":1,"runningWork":["/challenge-b6c75/us-central1/api/payment/create-2025-06-12T10:09:45.757Z"],"workRunningCount":1}
[debug] [2025-06-12T10:09:45.767Z] [work-queue] {"queuedWork":[],"queueLength":0,"runningWork":["/challenge-b6c75/us-central1/api/payment/create-2025-06-12T10:09:45.757Z","/challenge-b6c75/us-central1/api/payment/create-2025-06-12T10:09:45.767Z"],"workRunningCount":2}
[debug] [2025-06-12T10:09:45.767Z] Accepted request POST /challenge-b6c75/us-central1/api/payment/create?total=100000 --> us-central1-api
[debug] [2025-06-12T10:09:45.771Z] [functions] Runtime ready! Sending request! {"metadata":{"emulator":{"name":"functions"},"message":"[functions] Runtime ready! Sending request!"}}
[debug] [2025-06-12T10:09:45.771Z] [functions] Got req.url=/challenge-b6c75/us-central1/api/payment/create?total=100000, mapping to path=/payment/create?total=100000 {"metadata":{"emulator":{"name":"functions"},"message":"[functions] Got req.url=/challenge-b6c75/us-central1/api/payment/create?total=100000, mapping to path=/payment/create?total=100000"}}
[debug] [2025-06-12T10:09:45.772Z] [worker-pool] submitRequest(triggerId=us-central1-api) {"metadata":{"emulator":{"name":"functions"},"message":"[worker-pool] submitRequest(triggerId=us-central1-api)"}}
[info] i  functions: Beginning execution of "us-central1-api" {"metadata":{"emulator":{"name":"functions"},"function":{"name":"us-central1-api"},"extension":{},"message":"Beginning execution of \"us-central1-api\""}}
[debug] [2025-06-12T10:09:45.772Z] [worker-us-central1-api-8758d33c-7037-424e-8e5c-2ca9bd29c1ab]: BUSY {"metadata":{"emulator":{"name":"functions"},"function":{"name":"us-central1-api"},"extension":{},"message":"[worker-us-central1-api-8758d33c-7037-424e-8e5c-2ca9bd29c1ab]: BUSY"}}
[info] >  ðŸ’° Payment Request Received >> Amount (paise): 100000 {"user":"ðŸ’° Payment Request Received >> Amount (paise): 100000","metadata":{"emulator":{"name":"functions"},"function":{"name":"us-central1-api"},"extension":{},"message":"\u001b[90m> \u001b[39m ðŸ’° Payment Request Received >> Amount (paise): 100000"}}
[info] >  ðŸ’° Payment Request Received >> Amount (paise): 100000 {"user":"ðŸ’° Payment Request Received >> Amount (paise): 100000","metadata":{"emulator":{"name":"functions"},"function":{"name":"us-central1-api"},"extension":{},"message":"\u001b[90m> \u001b[39m ðŸ’° Payment Request Received >> Amount (paise): 100000"}}
[debug] [2025-06-12T10:09:46.462Z] Finishing up request with event=pause {"metadata":{"emulator":{"name":"functions"},"function":{"name":"us-central1-api"},"extension":{},"message":"Finishing up request with event=pause"}}
[info] i  functions: Finished "us-central1-api" in 689.6097ms {"metadata":{"emulator":{"name":"functions"},"function":{"name":"us-central1-api"},"extension":{},"message":"Finished \"us-central1-api\" in 689.6097ms"}}
[debug] [2025-06-12T10:09:46.463Z] [worker-us-central1-api-8758d33c-7037-424e-8e5c-2ca9bd29c1ab]: IDLE {"metadata":{"emulator":{"name":"functions"},"function":{"name":"us-central1-api"},"extension":{},"message":"[worker-us-central1-api-8758d33c-7037-424e-8e5c-2ca9bd29c1ab]: IDLE"}}
[debug] [2025-06-12T10:09:46.463Z] Finishing up request with event=finish {"metadata":{"emulator":{"name":"functions"},"function":{"name":"us-central1-api"},"extension":{},"message":"Finishing up request with event=finish"}}
[debug] [2025-06-12T10:09:46.463Z] Finishing up request with event=close {"metadata":{"emulator":{"name":"functions"},"function":{"name":"us-central1-api"},"extension":{},"message":"Finishing up request with event=close"}}
[debug] [2025-06-12T10:09:46.463Z] [work-queue] {"queuedWork":[],"queueLength":0,"runningWork":["/challenge-b6c75/us-central1/api/payment/create-2025-06-12T10:09:45.757Z"],"workRunningCount":1}
[debug] [2025-06-12T10:09:46.472Z] Finishing up request with event=pause {"metadata":{"emulator":{"name":"functions"},"function":{"name":"us-central1-api"},"extension":{},"message":"Finishing up request with event=pause"}}
[info] i  functions: Finished "us-central1-api" in 707.9676ms {"metadata":{"emulator":{"name":"functions"},"function":{"name":"us-central1-api"},"extension":{},"message":"Finished \"us-central1-api\" in 707.9676ms"}}
[debug] [2025-06-12T10:09:46.474Z] [worker-us-central1-api-24278889-cd79-4e72-aa26-a9ed54e19cf0]: IDLE {"metadata":{"emulator":{"name":"functions"},"function":{"name":"us-central1-api"},"extension":{},"message":"[worker-us-central1-api-24278889-cd79-4e72-aa26-a9ed54e19cf0]: IDLE"}}
[debug] [2025-06-12T10:09:46.474Z] Finishing up request with event=finish {"metadata":{"emulator":{"name":"functions"},"function":{"name":"us-central1-api"},"extension":{},"message":"Finishing up request with event=finish"}}
[debug] [2025-06-12T10:09:46.474Z] Finishing up request with event=close {"metadata":{"emulator":{"name":"functions"},"function":{"name":"us-central1-api"},"extension":{},"message":"Finishing up request with event=close"}}
[debug] [2025-06-12T10:09:46.474Z] [work-queue] {"queuedWork":[],"queueLength":0,"runningWork":[],"workRunningCount":0}
[debug] [2025-06-12T10:09:48.867Z] [work-queue] {"queuedWork":["/challenge-b6c75/us-central1/api/payment/create-2025-06-12T10:09:48.867Z"],"queueLength":1,"runningWork":[],"workRunningCount":0}
[debug] [2025-06-12T10:09:48.867Z] [work-queue] {"queuedWork":[],"queueLength":0,"runningWork":["/challenge-b6c75/us-central1/api/payment/create-2025-06-12T10:09:48.867Z"],"workRunningCount":1}
[debug] [2025-06-12T10:09:48.867Z] Accepted request POST /challenge-b6c75/us-central1/api/payment/create?total=100000 --> us-central1-api
[debug] [2025-06-12T10:09:48.869Z] [functions] Runtime ready! Sending request! {"metadata":{"emulator":{"name":"functions"},"message":"[functions] Runtime ready! Sending request!"}}
[debug] [2025-06-12T10:09:48.869Z] [functions] Got req.url=/challenge-b6c75/us-central1/api/payment/create?total=100000, mapping to path=/payment/create?total=100000 {"metadata":{"emulator":{"name":"functions"},"message":"[functions] Got req.url=/challenge-b6c75/us-central1/api/payment/create?total=100000, mapping to path=/payment/create?total=100000"}}
[debug] [2025-06-12T10:09:48.869Z] [worker-pool] submitRequest(triggerId=us-central1-api) {"metadata":{"emulator":{"name":"functions"},"message":"[worker-pool] submitRequest(triggerId=us-central1-api)"}}
[info] i  functions: Beginning execution of "us-central1-api" {"metadata":{"emulator":{"name":"functions"},"function":{"name":"us-central1-api"},"extension":{},"message":"Beginning execution of \"us-central1-api\""}}
[debug] [2025-06-12T10:09:48.870Z] [worker-us-central1-api-24278889-cd79-4e72-aa26-a9ed54e19cf0]: BUSY {"metadata":{"emulator":{"name":"functions"},"function":{"name":"us-central1-api"},"extension":{},"message":"[worker-us-central1-api-24278889-cd79-4e72-aa26-a9ed54e19cf0]: BUSY"}}
[debug] [2025-06-12T10:09:48.874Z] [work-queue] {"queuedWork":["/challenge-b6c75/us-central1/api/payment/create-2025-06-12T10:09:48.874Z"],"queueLength":1,"runningWork":["/challenge-b6c75/us-central1/api/payment/create-2025-06-12T10:09:48.867Z"],"workRunningCount":1}
[debug] [2025-06-12T10:09:48.874Z] [work-queue] {"queuedWork":[],"queueLength":0,"runningWork":["/challenge-b6c75/us-central1/api/payment/create-2025-06-12T10:09:48.867Z","/challenge-b6c75/us-central1/api/payment/create-2025-06-12T10:09:48.874Z"],"workRunningCount":2}
[debug] [2025-06-12T10:09:48.874Z] Accepted request POST /challenge-b6c75/us-central1/api/payment/create?total=100000 --> us-central1-api
[debug] [2025-06-12T10:09:48.875Z] [functions] Runtime ready! Sending request! {"metadata":{"emulator":{"name":"functions"},"message":"[functions] Runtime ready! Sending request!"}}
[debug] [2025-06-12T10:09:48.876Z] [functions] Got req.url=/challenge-b6c75/us-central1/api/payment/create?total=100000, mapping to path=/payment/create?total=100000 {"metadata":{"emulator":{"name":"functions"},"message":"[functions] Got req.url=/challenge-b6c75/us-central1/api/payment/create?total=100000, mapping to path=/payment/create?total=100000"}}
[debug] [2025-06-12T10:09:48.876Z] [worker-pool] submitRequest(triggerId=us-central1-api) {"metadata":{"emulator":{"name":"functions"},"message":"[worker-pool] submitRequest(triggerId=us-central1-api)"}}
[info] i  functions: Beginning execution of "us-central1-api" {"metadata":{"emulator":{"name":"functions"},"function":{"name":"us-central1-api"},"extension":{},"message":"Beginning execution of \"us-central1-api\""}}
[debug] [2025-06-12T10:09:48.877Z] [worker-us-central1-api-8758d33c-7037-424e-8e5c-2ca9bd29c1ab]: BUSY {"metadata":{"emulator":{"name":"functions"},"function":{"name":"us-central1-api"},"extension":{},"message":"[worker-us-central1-api-8758d33c-7037-424e-8e5c-2ca9bd29c1ab]: BUSY"}}
[info] >  ðŸ’° Payment Request Received >> Amount (paise): 100000 {"user":"ðŸ’° Payment Request Received >> Amount (paise): 100000","metadata":{"emulator":{"name":"functions"},"function":{"name":"us-central1-api"},"extension":{},"message":"\u001b[90m> \u001b[39m ðŸ’° Payment Request Received >> Amount (paise): 100000"}}
[info] >  ðŸ’° Payment Request Received >> Amount (paise): 100000 {"user":"ðŸ’° Payment Request Received >> Amount (paise): 100000","metadata":{"emulator":{"name":"functions"},"function":{"name":"us-central1-api"},"extension":{},"message":"\u001b[90m> \u001b[39m ðŸ’° Payment Request Received >> Amount (paise): 100000"}}
[debug] [2025-06-12T10:09:49.291Z] Finishing up request with event=pause {"metadata":{"emulator":{"name":"functions"},"function":{"name":"us-central1-api"},"extension":{},"message":"Finishing up request with event=pause"}}
[info] i  functions: Finished "us-central1-api" in 414.6157ms {"metadata":{"emulator":{"name":"functions"},"function":{"name":"us-central1-api"},"extension":{},"message":"Finished \"us-central1-api\" in 414.6157ms"}}
[debug] [2025-06-12T10:09:49.292Z] [worker-us-central1-api-8758d33c-7037-424e-8e5c-2ca9bd29c1ab]: IDLE {"metadata":{"emulator":{"name":"functions"},"function":{"name":"us-central1-api"},"extension":{},"message":"[worker-us-central1-api-8758d33c-7037-424e-8e5c-2ca9bd29c1ab]: IDLE"}}
[debug] [2025-06-12T10:09:49.292Z] Finishing up request with event=finish {"metadata":{"emulator":{"name":"functions"},"function":{"name":"us-central1-api"},"extension":{},"message":"Finishing up request with event=finish"}}
[debug] [2025-06-12T10:09:49.293Z] Finishing up request with event=close {"metadata":{"emulator":{"name":"functions"},"function":{"name":"us-central1-api"},"extension":{},"message":"Finishing up request with event=close"}}
[debug] [2025-06-12T10:09:49.293Z] [work-queue] {"queuedWork":[],"queueLength":0,"runningWork":["/challenge-b6c75/us-central1/api/payment/create-2025-06-12T10:09:48.867Z"],"workRunningCount":1}
[debug] [2025-06-12T10:09:49.300Z] Finishing up request with event=pause {"metadata":{"emulator":{"name":"functions"},"function":{"name":"us-central1-api"},"extension":{},"message":"Finishing up request with event=pause"}}
[info] i  functions: Finished "us-central1-api" in 430.547ms {"metadata":{"emulator":{"name":"functions"},"function":{"name":"us-central1-api"},"extension":{},"message":"Finished \"us-central1-api\" in 430.547ms"}}
[debug] [2025-06-12T10:09:49.301Z] [worker-us-central1-api-24278889-cd79-4e72-aa26-a9ed54e19cf0]: IDLE {"metadata":{"emulator":{"name":"functions"},"function":{"name":"us-central1-api"},"extension":{},"message":"[worker-us-central1-api-24278889-cd79-4e72-aa26-a9ed54e19cf0]: IDLE"}}
[debug] [2025-06-12T10:09:49.302Z] Finishing up request with event=finish {"metadata":{"emulator":{"name":"functions"},"function":{"name":"us-central1-api"},"extension":{},"message":"Finishing up request with event=finish"}}
[debug] [2025-06-12T10:09:49.302Z] Finishing up request with event=close {"metadata":{"emulator":{"name":"functions"},"function":{"name":"us-central1-api"},"extension":{},"message":"Finishing up request with event=close"}}
[debug] [2025-06-12T10:09:49.302Z] [work-queue] {"queuedWork":[],"queueLength":0,"runningWork":[],"workRunningCount":0}
